\BOOKMARK [1][-]{section.1}{\376\377\142\341\137\065\000K\000A\000P\000S\000E\000L\060\156\152\137\200\375}{}% 1
\BOOKMARK [1][-]{section.2}{\376\377\060\244\060\363\060\271\060\310\060\374\060\353}{}% 2
\BOOKMARK [2][-]{subsection.2.1}{\376\377\000O\000C\000T\000A\060\156\060\244\060\363\060\271\060\310\060\374\060\353\060\373\000l\000i\000b\000p\000l\000a\000t\000f\000o\000r\000m\060\156\060\323\060\353\060\311}{section.2}% 3
\BOOKMARK [2][-]{subsection.2.2}{\376\377\000H\000D\000F\0005\060\156\060\244\060\363\060\271\060\310\060\374\060\353}{section.2}% 4
\BOOKMARK [2][-]{subsection.2.3}{\376\377\000F\000F\000T\000W\060\156\060\244\060\363\060\271\060\310\060\374\060\353\000\050\060\252\060\327\060\267\060\347\060\363\000\051}{section.2}% 5
\BOOKMARK [2][-]{subsection.2.4}{\376\377\000L\000i\000s\060\351\060\244\060\326\060\351\060\352\060\156\060\244\060\363\060\271\060\310\060\374\060\353\000\050\060\252\060\327\060\267\060\347\060\363\000\051}{section.2}% 6
\BOOKMARK [2][-]{subsection.2.5}{\376\377\142\341\137\065\000K\000A\000P\000S\000E\000L\060\156\060\244\060\363\060\271\060\310\060\374\060\353}{section.2}% 7
\BOOKMARK [1][-]{section.3}{\376\377\142\341\137\065\000K\000A\000P\000S\000E\000L\060\156\133\237\210\114\060\150\060\267\060\337\060\345\060\354\060\374\060\267\060\347\060\363\175\120\147\234\060\156\170\272\212\215}{}% 8
\BOOKMARK [2][-]{subsection.3.1}{\376\377\116\214\142\020\122\006\155\101\117\123\133\376\137\334\000/\174\222\133\120\225\223\166\370\116\222\117\134\165\050\142\341\137\065\000K\000A\000P\000S\000E\000L\060\156\133\237\210\114}{section.3}% 9
\BOOKMARK [2][-]{subsection.3.2}{\376\377\000M\000P\000I\116\046\122\027\133\376\137\334\060\156\142\341\137\065\000K\000A\000P\000S\000E\000L\060\156\133\237\210\114}{section.3}% 10
\BOOKMARK [1][-]{section.4}{\376\377\164\006\212\326}{}% 11
\BOOKMARK [2][-]{subsection.4.1}{\376\377\000S\000m\000o\000o\000t\000h\000e\000d\000\040\000P\000r\000o\000f\000i\000l\000e\000\040\000M\000e\000t\000h\000o\000d}{section.4}% 12
\BOOKMARK [2][-]{subsection.4.2}{\376\377\116\214\142\020\122\006\155\101\117\123\060\156\123\326\060\212\142\161\060\104}{section.4}% 13
\BOOKMARK [1][-]{section.5}{\376\377\145\160\120\044\212\010\173\227\142\113\154\325}{}% 14
\BOOKMARK [2][-]{subsection.5.1}{\376\377\000N\000a\000v\000i\000e\000r\040\023\000S\000t\000o\000k\000e\000s\145\271\172\013\137\017\060\156\211\343\154\325}{section.5}% 15
\BOOKMARK [2][-]{subsection.5.2}{\376\377\174\222\133\120\060\156\220\113\122\325\145\271\172\013\137\017\060\156\211\343\154\325}{section.5}% 16
\BOOKMARK [2][-]{subsection.5.3}{\376\377\000C\000a\000h\000n\040\023\000H\000i\000l\000l\000i\000a\000r\000d\145\271\172\013\137\017\060\156\211\343\154\325}{section.5}% 17
\BOOKMARK [2][-]{subsection.5.4}{\376\377\135\350\211\226\166\204\060\152\174\222\133\120\225\223\060\153\120\315\060\117\166\370\116\222\117\134\165\050\060\153\225\242\060\131\060\213\142\341\137\065}{section.5}% 18
\BOOKMARK [2][-]{subsection.5.5}{\376\377\060\267\060\337\060\345\060\354\060\374\060\267\060\347\060\363\060\153\060\112\060\121\060\213\123\130\117\115}{section.5}% 19
\BOOKMARK [1][-]{section.6}{\376\377\060\267\060\337\060\345\060\354\060\374\060\267\060\347\060\363\060\156\212\055\133\232}{}% 20
\BOOKMARK [2][-]{subsection.6.1}{\376\377\121\145\122\233\165\050\000U\000D\000F\060\325\060\241\060\244\060\353\060\156\212\055\133\232}{section.6}% 21
\BOOKMARK [2][-]{subsection.6.2}{\376\377\123\315\137\251\211\343\154\325\060\351\060\244\060\326\060\351\060\352\000L\000i\000s\060\222\117\177\165\050\060\131\060\213\060\150\060\115\060\156\212\055\133\232}{section.6}% 22
