This is pdfTeX, Version 3.14159265-2.6-1.40.19 (TeX Live 2018) (preloaded format=pdflatex 2019.4.20)  18 JUN 2019 10:42
entering extended mode
 \write18 enabled.
 %&-line parsing enabled.
**main.tex
(./main.tex
LaTeX2e <2018-12-01>
(/usr/local/texlive/2018/texmf-dist/tex/latex/bxjscls/bxjsarticle.cls
Document Class: bxjsarticle 2019/01/13 v1.9e BXJS document classes
(/usr/local/texlive/2018/texmf-dist/tex/latex/tools/calc.sty
Package: calc 2017/05/25 v4.3 Infix arithmetic (KKT,FJ)
\calc@Acount=\count80
\calc@Bcount=\count81
\calc@Adimen=\dimen102
\calc@Bdimen=\dimen103
\calc@Askip=\skip41
\calc@Bskip=\skip42
LaTeX Info: Redefining \setlength on input line 80.
LaTeX Info: Redefining \addtolength on input line 81.
\calc@Ccount=\count82
\calc@Cskip=\skip43
)
(/usr/local/texlive/2018/texmf-dist/tex/latex/graphics/keyval.sty
Package: keyval 2014/10/28 v1.15 key=value parser (DPC)
\KV@toks@=\toks14
)
(/usr/local/texlive/2018/texmf-dist/tex/latex/bxjscls/bxjscompat.sty
Package: bxjscompat 2019/01/13 v1.9e BXJS document classes
)
(/usr/local/texlive/2018/texmf-dist/tex/generic/oberdiek/ifpdf.sty
Package: ifpdf 2018/09/07 v3.3 Provides the ifpdf switch
)
\stockwidth=\dimen104
\stockheight=\dimen105
\jsc@mpt=\dimen106
\jsc@mmm=\dimen107
\jsZw=\dimen108
\jsc@smallskipamount=\skip44
\Cht=\dimen109
\Cdp=\dimen110
\Cwd=\dimen111
\Cvs=\dimen112
\Chs=\dimen113
\fullwidth=\dimen114

(/usr/local/texlive/2018/texmf-dist/tex/latex/geometry/geometry.sty
Package: geometry 2018/04/16 v5.8 Page Geometry

(/usr/local/texlive/2018/texmf-dist/tex/generic/oberdiek/ifvtex.sty
Package: ifvtex 2016/05/16 v1.6 Detect VTeX and its facilities (HO)
Package ifvtex Info: VTeX not detected.
)
(/usr/local/texlive/2018/texmf-dist/tex/generic/ifxetex/ifxetex.sty
Package: ifxetex 2010/09/12 v0.6 Provides ifxetex conditional
)
\Gm@cnth=\count83
\Gm@cntv=\count84
\c@Gm@tempcnt=\count85
\Gm@bindingoffset=\dimen115
\Gm@wd@mp=\dimen116
\Gm@odd@mp=\dimen117
\Gm@even@mp=\dimen118
\Gm@layoutwidth=\dimen119
\Gm@layoutheight=\dimen120
\Gm@layouthoffset=\dimen121
\Gm@layoutvoffset=\dimen122
\Gm@dimlist=\toks15
)
\c@part=\count86
\c@section=\count87
\c@subsection=\count88
\c@subsubsection=\count89
\c@paragraph=\count90
\c@subparagraph=\count91
\@abstractbox=\box27
\c@figure=\count92
\c@table=\count93
\abovecaptionskip=\skip45
\belowcaptionskip=\skip46
\jsc@tocl@width=\dimen123
\@lnumwidth=\dimen124
\bibindent=\dimen125

(/usr/local/texlive/2018/texmf-dist/tex/latex/bxwareki/bxwareki.sty
Package: bxwareki 2018/10/01 v0.4
\c@warekiyear=\count94

(/usr/local/texlive/2018/texmf-dist/tex/latex/bxwareki/bxwareki-cd.def
File: bxwareki-cd.def 2018/10/01 v0.4
))
(/usr/local/texlive/2018/texmf-dist/tex/latex/bxjscls/bxjsja-standard.def
File: bxjsja-standard.def 2019/01/13 v1.9e BXJS document classes

(/usr/local/texlive/2018/texmf-dist/tex/latex/bxjscls/bxjsja-minimal.def
File: bxjsja-minimal.def 2019/01/13 v1.9e BXJS document classes
\everypar=\toks16
)
(/usr/local/texlive/2018/texmf-dist/tex/latex/bxcjkjatype/bxcjkjatype.sty
Package: bxcjkjatype 2016/10/15 v0.3
Package bxcjkjatype Info: Driver auto-detected: pdftex on input line 144.

(/usr/local/texlive/2018/texmf-dist/tex/latex/cjk/texinput/CJK.sty
Package: CJK 2015/04/18 4.8.4

(/usr/local/texlive/2018/texmf-dist/tex/latex/cjk/texinput/mule/MULEenc.sty
Package: MULEenc 2015/04/18 4.8.4
)
(/usr/local/texlive/2018/texmf-dist/tex/latex/cjk/texinput/CJK.enc
File: CJK.enc 2015/04/18 4.8.4
Now handling font encoding C00 ...
... no UTF-8 mapping file for font encoding C00
Now handling font encoding C05 ...
... no UTF-8 mapping file for font encoding C05
Now handling font encoding C09 ...
... no UTF-8 mapping file for font encoding C09
Now handling font encoding C10 ...
... no UTF-8 mapping file for font encoding C10
Now handling font encoding C20 ...
... no UTF-8 mapping file for font encoding C20
Now handling font encoding C19 ...
... no UTF-8 mapping file for font encoding C19
Now handling font encoding C40 ...
... no UTF-8 mapping file for font encoding C40
Now handling font encoding C42 ...
... no UTF-8 mapping file for font encoding C42
Now handling font encoding C43 ...
... no UTF-8 mapping file for font encoding C43
Now handling font encoding C50 ...
... no UTF-8 mapping file for font encoding C50
Now handling font encoding C52 ...
... no UTF-8 mapping file for font encoding C52
Now handling font encoding C49 ...
... no UTF-8 mapping file for font encoding C49
Now handling font encoding C60 ...
... no UTF-8 mapping file for font encoding C60
Now handling font encoding C61 ...
... no UTF-8 mapping file for font encoding C61
Now handling font encoding C63 ...
... no UTF-8 mapping file for font encoding C63
Now handling font encoding C64 ...
... no UTF-8 mapping file for font encoding C64
Now handling font encoding C65 ...
... no UTF-8 mapping file for font encoding C65
Now handling font encoding C70 ...
... no UTF-8 mapping file for font encoding C70
Now handling font encoding C31 ...
... no UTF-8 mapping file for font encoding C31
Now handling font encoding C32 ...
... no UTF-8 mapping file for font encoding C32
Now handling font encoding C33 ...
... no UTF-8 mapping file for font encoding C33
Now handling font encoding C34 ...
... no UTF-8 mapping file for font encoding C34
Now handling font encoding C35 ...
... no UTF-8 mapping file for font encoding C35
Now handling font encoding C36 ...
... no UTF-8 mapping file for font encoding C36
Now handling font encoding C37 ...
... no UTF-8 mapping file for font encoding C37
Now handling font encoding C80 ...
... no UTF-8 mapping file for font encoding C80
Now handling font encoding C81 ...
... no UTF-8 mapping file for font encoding C81
Now handling font encoding C01 ...
... no UTF-8 mapping file for font encoding C01
Now handling font encoding C11 ...
... no UTF-8 mapping file for font encoding C11
Now handling font encoding C21 ...
... no UTF-8 mapping file for font encoding C21
Now handling font encoding C41 ...
... no UTF-8 mapping file for font encoding C41
Now handling font encoding C62 ...
... no UTF-8 mapping file for font encoding C62
)
LaTeX Info: Redefining \selectfont on input line 755.
\CJK@indent=\box28
)
(/usr/local/texlive/2018/texmf-dist/tex/latex/cjk/texinput/CJKutf8.sty
Package: CJKutf8 2015/04/18 4.8.4

(/usr/local/texlive/2018/texmf-dist/tex/latex/base/inputenc.sty
Package: inputenc 2018/08/11 v1.3c Input encoding file
\inpenc@prehook=\toks17
\inpenc@posthook=\toks18
)
(/usr/local/texlive/2018/texmf-dist/tex/latex/base/fontenc.sty
Package: fontenc 2018/08/11 v2.0j Standard LaTeX package
))
(/usr/local/texlive/2018/texmf-dist/tex/latex/cjk/texinput/CJKspace.sty
Package: CJKspace 2015/04/18 3.8.0
)
(/usr/local/texlive/2018/texmf-dist/tex/latex/cjkpunct/CJKpunct.sty
Package: CJKpunct 2016/05/14 4.8.4
\CJKpunct@cnta=\count95
\CJKpunct@cntb=\count96
\CJKpunct@cntc=\count97
\CJKpunct@cntd=\count98
\CJKpunct@cnte=\count99
   defining Unicode char U+2018 (decimal 8216)
   defining Unicode char U+2019 (decimal 8217)
   defining Unicode char U+201C (decimal 8220)
   defining Unicode char U+201D (decimal 8221)
   defining Unicode char U+2014 (decimal 8212)
   defining Unicode char U+2026 (decimal 8230)

(/usr/local/texlive/2018/texmf-dist/tex/latex/cjkpunct/CJKpunct.spa))
(/usr/local/texlive/2018/texmf-dist/tex/latex/etoolbox/etoolbox.sty
Package: etoolbox 2018/08/19 v2.5f e-TeX tools for LaTeX (JAW)
\etb@tempcnta=\count100
)
(/usr/local/texlive/2018/texmf-dist/tex/latex/cjk/texinput/UTF8/UTF8.bdg
File: UTF8.bdg 2015/04/18 4.8.4
))
\jsKanjiSkip=\skip47
\jsXKanjiSkip=\skip48
))
(/usr/local/texlive/2018/texmf-dist/tex/latex/graphics/graphicx.sty
Package: graphicx 2017/06/01 v1.1a Enhanced LaTeX Graphics (DPC,SPQR)

(/usr/local/texlive/2018/texmf-dist/tex/latex/graphics/graphics.sty
Package: graphics 2017/06/25 v1.2c Standard LaTeX Graphics (DPC,SPQR)

(/usr/local/texlive/2018/texmf-dist/tex/latex/graphics/trig.sty
Package: trig 2016/01/03 v1.10 sin cos tan (DPC)
)
(/usr/local/texlive/2018/texmf-dist/tex/latex/graphics-cfg/graphics.cfg
File: graphics.cfg 2016/06/04 v1.11 sample graphics configuration
)
Package graphics Info: Driver file: pdftex.def on input line 99.

(/usr/local/texlive/2018/texmf-dist/tex/latex/graphics-def/pdftex.def
File: pdftex.def 2018/01/08 v1.0l Graphics/color driver for pdftex
))
\Gin@req@height=\dimen126
\Gin@req@width=\dimen127
)
(/usr/local/texlive/2018/texmf-dist/tex/latex/xcolor/xcolor.sty
Package: xcolor 2016/05/11 v2.12 LaTeX color extensions (UK)

(/usr/local/texlive/2018/texmf-dist/tex/latex/graphics-cfg/color.cfg
File: color.cfg 2016/01/02 v1.6 sample color configuration
)
Package xcolor Info: Driver file: pdftex.def on input line 225.

(/usr/local/texlive/2018/texmf-dist/tex/latex/colortbl/colortbl.sty
Package: colortbl 2018/12/12 v1.0d Color table columns (DPC)

(/usr/local/texlive/2018/texmf-dist/tex/latex/tools/array.sty
Package: array 2018/12/30 v2.4k Tabular extension package (FMi)
\col@sep=\dimen128
\ar@mcellbox=\box29
\extrarowheight=\dimen129
\NC@list=\toks19
\extratabsurround=\skip49
\backup@length=\skip50
\ar@cellbox=\box30
)
\everycr=\toks20
\minrowclearance=\skip51
)
\rownum=\count101
Package xcolor Info: Model `cmy' substituted by `cmy0' on input line 1348.
Package xcolor Info: Model `hsb' substituted by `rgb' on input line 1352.
Package xcolor Info: Model `RGB' extended on input line 1364.
Package xcolor Info: Model `HTML' substituted by `rgb' on input line 1366.
Package xcolor Info: Model `Hsb' substituted by `hsb' on input line 1367.
Package xcolor Info: Model `tHsb' substituted by `hsb' on input line 1368.
Package xcolor Info: Model `HSB' substituted by `hsb' on input line 1369.
Package xcolor Info: Model `Gray' substituted by `gray' on input line 1370.
Package xcolor Info: Model `wave' substituted by `hsb' on input line 1371.
)
(/usr/local/texlive/2018/texmf-dist/tex/latex/cprotect/cprotect.sty
Package: cprotect 2011/01/27 v1.0e (Bruno Le Floch)

(/usr/local/texlive/2018/texmf-dist/tex/latex/base/ifthen.sty
Package: ifthen 2014/09/29 v1.1c Standard LaTeX ifthen package (DPC)
)
(/usr/local/texlive/2018/texmf-dist/tex/latex/bigfoot/suffix.sty
Package: suffix 2006/07/15 1.5a Variant command support
)
\CPT@WriteOut=\write3
\c@CPT@WriteCount=\count102
\c@CPT@numB=\count103
\CPT@commandatend@toks=\toks21
)
(/usr/local/texlive/2018/texmf-dist/tex/latex/amsmath/amsmath.sty
Package: amsmath 2018/12/01 v2.17b AMS math features
\@mathmargin=\skip52

For additional information on amsmath, use the `?' option.
(/usr/local/texlive/2018/texmf-dist/tex/latex/amsmath/amstext.sty
Package: amstext 2000/06/29 v2.01 AMS text

(/usr/local/texlive/2018/texmf-dist/tex/latex/amsmath/amsgen.sty
File: amsgen.sty 1999/11/30 v2.0 generic functions
\@emptytoks=\toks22
\ex@=\dimen130
))
(/usr/local/texlive/2018/texmf-dist/tex/latex/amsmath/amsbsy.sty
Package: amsbsy 1999/11/29 v1.2d Bold Symbols
\pmbraise@=\dimen131
)
(/usr/local/texlive/2018/texmf-dist/tex/latex/amsmath/amsopn.sty
Package: amsopn 2016/03/08 v2.02 operator names
)
\inf@bad=\count104
LaTeX Info: Redefining \frac on input line 223.
\uproot@=\count105
\leftroot@=\count106
LaTeX Info: Redefining \overline on input line 385.
\classnum@=\count107
\DOTSCASE@=\count108
LaTeX Info: Redefining \ldots on input line 482.
LaTeX Info: Redefining \dots on input line 485.
LaTeX Info: Redefining \cdots on input line 606.
\Mathstrutbox@=\box31
\strutbox@=\box32
\big@size=\dimen132
LaTeX Font Info:    Redeclaring font encoding OML on input line 729.
LaTeX Font Info:    Redeclaring font encoding OMS on input line 730.
\macc@depth=\count109
\c@MaxMatrixCols=\count110
\dotsspace@=\muskip10
\c@parentequation=\count111
\dspbrk@lvl=\count112
\tag@help=\toks23
\row@=\count113
\column@=\count114
\maxfields@=\count115
\andhelp@=\toks24
\eqnshift@=\dimen133
\alignsep@=\dimen134
\tagshift@=\dimen135
\tagwidth@=\dimen136
\totwidth@=\dimen137
\lineht@=\dimen138
\@envbody=\toks25
\multlinegap=\skip53
\multlinetaggap=\skip54
\mathdisplay@stack=\toks26
LaTeX Info: Redefining \[ on input line 2844.
LaTeX Info: Redefining \] on input line 2845.
)
(/usr/local/texlive/2018/texmf-dist/tex/latex/amsfonts/amssymb.sty
Package: amssymb 2013/01/14 v3.01 AMS font symbols

(/usr/local/texlive/2018/texmf-dist/tex/latex/amsfonts/amsfonts.sty
Package: amsfonts 2013/01/14 v3.01 Basic AMSFonts support
\symAMSa=\mathgroup4
\symAMSb=\mathgroup5
LaTeX Font Info:    Overwriting math alphabet `\mathfrak' in version `bold'
(Font)                  U/euf/m/n --> U/euf/b/n on input line 106.
))
(/usr/local/texlive/2018/texmf-dist/tex/latex/mathtools/mathtools.sty
Package: mathtools 2018/01/08 v1.21 mathematical typesetting tools

(/usr/local/texlive/2018/texmf-dist/tex/latex/mathtools/mhsetup.sty
Package: mhsetup 2017/03/31 v1.3 programming setup (MH)
)
LaTeX Info: Thecontrolsequence`\('isalreadyrobust on input line 129.
LaTeX Info: Thecontrolsequence`\)'isalreadyrobust on input line 129.
LaTeX Info: Thecontrolsequence`\['isalreadyrobust on input line 129.
LaTeX Info: Thecontrolsequence`\]'isalreadyrobust on input line 129.
\g_MT_multlinerow_int=\count116
\l_MT_multwidth_dim=\dimen139
\origjot=\skip55
\l_MT_shortvdotswithinadjustabove_dim=\dimen140
\l_MT_shortvdotswithinadjustbelow_dim=\dimen141
\l_MT_above_intertext_sep=\dimen142
\l_MT_below_intertext_sep=\dimen143
\l_MT_above_shortintertext_sep=\dimen144
\l_MT_below_shortintertext_sep=\dimen145
)
(/usr/local/texlive/2018/texmf-dist/tex/latex/caption/caption.sty
Package: caption 2018/10/06 v3.3-154 Customizing captions (AR)

(/usr/local/texlive/2018/texmf-dist/tex/latex/caption/caption3.sty
Package: caption3 2018/09/12 v1.8c caption3 kernel (AR)
Package caption3 Info: TeX engine: e-TeX on input line 64.
\captionmargin=\dimen146
\captionmargin@=\dimen147
\captionwidth=\dimen148
\caption@tempdima=\dimen149
\caption@indent=\dimen150
\caption@parindent=\dimen151
\caption@hangindent=\dimen152
Package caption Info: Unknown document class (or package),
(caption)             standard defaults will be used.
)

Package caption Warning: Unsupported document class (or package) detected,
(caption)                usage of the caption package is not recommended.
See the caption package documentation for explanation.

Package caption Info: \@makecaption = \long macro:#1#2->{\small \advance \lefts
kip .0628\linewidth \advance \rightskip .0628\linewidth \vskip \abovecaptionski
p \sbox \@tempboxa {#1\zwspace #2}\ifdim \wd \@tempboxa <\hsize \centering \fi 
#1\zwspace #2\par \vskip \belowcaptionskip }.
\c@caption@flags=\count117
\c@ContinuedFloat=\count118
) (/usr/local/texlive/2018/texmf-dist/tex/latex/siunitx/siunitx.sty
(/usr/local/texlive/2018/texmf-dist/tex/latex/l3kernel/expl3.sty
Package: expl3 2019-02-15 L3 programming layer (loader) 

(/usr/local/texlive/2018/texmf-dist/tex/latex/l3kernel/expl3-code.tex
Package: expl3 2019-02-15 L3 programming layer (code)
\c_max_int=\count119
\l_tmpa_int=\count120
\l_tmpb_int=\count121
\g_tmpa_int=\count122
\g_tmpb_int=\count123
\g__kernel_prg_map_int=\count124
\c_log_iow=\count125
\l_iow_line_count_int=\count126
\l__iow_line_target_int=\count127
\l__iow_one_indent_int=\count128
\l__iow_indent_int=\count129
\c_zero_dim=\dimen153
\c_max_dim=\dimen154
\l_tmpa_dim=\dimen155
\l_tmpb_dim=\dimen156
\g_tmpa_dim=\dimen157
\g_tmpb_dim=\dimen158
\c_zero_skip=\skip56
\c_max_skip=\skip57
\l_tmpa_skip=\skip58
\l_tmpb_skip=\skip59
\g_tmpa_skip=\skip60
\g_tmpb_skip=\skip61
\c_zero_muskip=\muskip11
\c_max_muskip=\muskip12
\l_tmpa_muskip=\muskip13
\l_tmpb_muskip=\muskip14
\g_tmpa_muskip=\muskip15
\g_tmpb_muskip=\muskip16
\l_keys_choice_int=\count130
\l__intarray_loop_int=\count131
\c__intarray_sp_dim=\dimen159
\g__intarray_font_int=\count132
\c__fp_leading_shift_int=\count133
\c__fp_middle_shift_int=\count134
\c__fp_trailing_shift_int=\count135
\c__fp_big_leading_shift_int=\count136
\c__fp_big_middle_shift_int=\count137
\c__fp_big_trailing_shift_int=\count138
\c__fp_Bigg_leading_shift_int=\count139
\c__fp_Bigg_middle_shift_int=\count140
\c__fp_Bigg_trailing_shift_int=\count141
\c__kernel_randint_max_int=\count142
\g__fp_array_int=\count143
\l__fp_array_loop_int=\count144
\l__sort_length_int=\count145
\l__sort_min_int=\count146
\l__sort_top_int=\count147
\l__sort_max_int=\count148
\l__sort_true_max_int=\count149
\l__sort_block_int=\count150
\l__sort_begin_int=\count151
\l__sort_end_int=\count152
\l__sort_A_int=\count153
\l__sort_B_int=\count154
\l__sort_C_int=\count155
\l__tl_analysis_normal_int=\count156
\l__tl_analysis_index_int=\count157
\l__tl_analysis_nesting_int=\count158
\l__tl_analysis_type_int=\count159
\l__regex_internal_a_int=\count160
\l__regex_internal_b_int=\count161
\l__regex_internal_c_int=\count162
\l__regex_balance_int=\count163
\l__regex_group_level_int=\count164
\l__regex_mode_int=\count165
\c__regex_cs_in_class_mode_int=\count166
\c__regex_cs_mode_int=\count167
\l__regex_catcodes_int=\count168
\l__regex_default_catcodes_int=\count169
\c__regex_catcode_D_int=\count170
\c__regex_catcode_S_int=\count171
\c__regex_catcode_L_int=\count172
\c__regex_catcode_O_int=\count173
\c__regex_catcode_A_int=\count174
\c__regex_all_catcodes_int=\count175
\l__regex_show_lines_int=\count176
\l__regex_min_state_int=\count177
\l__regex_max_state_int=\count178
\l__regex_left_state_int=\count179
\l__regex_right_state_int=\count180
\l__regex_capturing_group_int=\count181
\l__regex_min_pos_int=\count182
\l__regex_max_pos_int=\count183
\l__regex_curr_pos_int=\count184
\l__regex_start_pos_int=\count185
\l__regex_success_pos_int=\count186
\l__regex_curr_char_int=\count187
\l__regex_curr_catcode_int=\count188
\l__regex_last_char_int=\count189
\l__regex_case_changed_char_int=\count190
\l__regex_curr_state_int=\count191
\l__regex_step_int=\count192
\l__regex_min_active_int=\count193
\l__regex_max_active_int=\count194
\l__regex_replacement_csnames_int=\count195
\l__regex_match_count_int=\count196
\l__regex_min_submatch_int=\count197
\l__regex_submatch_int=\count198
\l__regex_zeroth_submatch_int=\count199
\g__regex_trace_regex_int=\count266
\c_empty_box=\box33
\l_tmpa_box=\box34
\l_tmpb_box=\box35
\g_tmpa_box=\box36
\g_tmpb_box=\box37
\l__box_top_dim=\dimen160
\l__box_bottom_dim=\dimen161
\l__box_left_dim=\dimen162
\l__box_right_dim=\dimen163
\l__box_top_new_dim=\dimen164
\l__box_bottom_new_dim=\dimen165
\l__box_left_new_dim=\dimen166
\l__box_right_new_dim=\dimen167
\l__box_internal_box=\box38
\l__coffin_internal_box=\box39
\l__coffin_internal_dim=\dimen168
\l__coffin_offset_x_dim=\dimen169
\l__coffin_offset_y_dim=\dimen170
\l__coffin_x_dim=\dimen171
\l__coffin_y_dim=\dimen172
\l__coffin_x_prime_dim=\dimen173
\l__coffin_y_prime_dim=\dimen174
\c_empty_coffin=\box40
\l__coffin_aligned_coffin=\box41
\l__coffin_aligned_internal_coffin=\box42
\l_tmpa_coffin=\box43
\l_tmpb_coffin=\box44
\g_tmpa_coffin=\box45
\g_tmpb_coffin=\box46
\c__coffin_empty_coffin=\box47
\l__coffin_display_coffin=\box48
\l__coffin_display_coord_coffin=\box49
\l__coffin_display_pole_coffin=\box50
\l__coffin_display_offset_dim=\dimen175
\l__coffin_display_x_dim=\dimen176
\l__coffin_display_y_dim=\dimen177
\g__file_internal_ior=\read1
\l__coffin_bounding_shift_dim=\dimen178
\l__coffin_left_corner_dim=\dimen179
\l__coffin_right_corner_dim=\dimen180
\l__coffin_bottom_corner_dim=\dimen181
\l__coffin_top_corner_dim=\dimen182
\l__coffin_scaled_total_height_dim=\dimen183
\l__coffin_scaled_width_dim=\dimen184
\l__seq_internal_a_int=\count267
\l__seq_internal_b_int=\count268
)
(/usr/local/texlive/2018/texmf-dist/tex/latex/l3kernel/l3pdfmode.def
File: l3pdfmode.def 2019-02-15 v L3 Experimental driver: PDF mode
\l__driver_color_stack_int=\count269
))
(/usr/local/texlive/2018/texmf-dist/tex/latex/l3packages/xparse/xparse.sty
Package: xparse 2018-10-17 L3 Experimental document command parser
\l__xparse_current_arg_int=\count270
\g__xparse_grabber_int=\count271
\l__xparse_m_args_int=\count272
\l__xparse_mandatory_args_int=\count273
\l__xparse_v_nesting_int=\count274
)
Package: siunitx 2018/05/17 v2.7s A comprehensive (SI) units package

(/usr/local/texlive/2018/texmf-dist/tex/latex/l3packages/l3keys2e/l3keys2e.sty
Package: l3keys2e 2018-10-17 LaTeX2e option processing using LaTeX3 keys
)
\l__siunitx_tmp_box=\box51
\l__siunitx_tmp_dim=\dimen185
\l__siunitx_tmp_int=\count275
\l__siunitx_number_mantissa_length_int=\count276
\l__siunitx_number_uncert_length_int=\count277
\l__siunitx_round_int=\count278
\l__siunitx_process_decimal_int=\count279
\l__siunitx_process_uncertainty_int=\count280
\l__siunitx_process_fixed_int=\count281
\l__siunitx_process_integer_min_int=\count282
\l__siunitx_process_precision_int=\count283
\l__siunitx_group_min_int=\count284
\l__siunitx_angle_marker_box=\box52
\l__siunitx_angle_unit_box=\box53
\l__siunitx_angle_marker_dim=\dimen186
\l__siunitx_angle_unit_dim=\dimen187
\l__siunitx_unit_int=\count285
\l__siunitx_unit_denominator_int=\count286
\l__siunitx_unit_numerator_int=\count287
\l__siunitx_unit_prefix_int=\count288
\l__siunitx_unit_prefix_base_int=\count289
\l__siunitx_unit_prefix_gram_int=\count290
\l__siunitx_number_product_int=\count291
\c__siunitx_one_fill_skip=\skip62
\l__siunitx_table_unit_align_skip=\skip63
\l__siunitx_table_exponent_dim=\dimen188
\l__siunitx_table_integer_dim=\dimen189
\l__siunitx_table_mantissa_dim=\dimen190
\l__siunitx_table_marker_dim=\dimen191
\l__siunitx_table_result_dim=\dimen192
\l__siunitx_table_uncert_dim=\dimen193
\l__siunitx_table_fill_pre_dim=\dimen194
\l__siunitx_table_fill_post_dim=\dimen195
\l__siunitx_table_fill_mid_dim=\dimen196
\l__siunitx_table_pre_box=\box54
\l__siunitx_table_post_box=\box55
\l__siunitx_table_mantissa_box=\box56
\l__siunitx_table_result_box=\box57
\l__siunitx_table_number_align_skip=\skip64
\l__siunitx_table_text_align_skip=\skip65
(/usr/local/texlive/2018/texmf-dist/tex/latex/translator/translator.sty
Package: translator 2018/01/04 v1.12 Easy translation of strings in LaTeX
))
(/usr/local/texlive/2018/texmf-dist/tex/latex/hyperref/hyperref.sty
Package: hyperref 2018/11/30 v6.88e Hypertext links for LaTeX

(/usr/local/texlive/2018/texmf-dist/tex/generic/oberdiek/hobsub-hyperref.sty
Package: hobsub-hyperref 2016/05/16 v1.14 Bundle oberdiek, subset hyperref (HO)


(/usr/local/texlive/2018/texmf-dist/tex/generic/oberdiek/hobsub-generic.sty
Package: hobsub-generic 2016/05/16 v1.14 Bundle oberdiek, subset generic (HO)
Package: hobsub 2016/05/16 v1.14 Construct package bundles (HO)
Package: infwarerr 2016/05/16 v1.4 Providing info/warning/error messages (HO)
Package: ltxcmds 2016/05/16 v1.23 LaTeX kernel commands for general use (HO)
Package: ifluatex 2016/05/16 v1.4 Provides the ifluatex switch (HO)
Package ifluatex Info: LuaTeX not detected.
Package hobsub Info: Skipping package `ifvtex' (already loaded).
Package: intcalc 2016/05/16 v1.2 Expandable calculations with integers (HO)
Package hobsub Info: Skipping package `ifpdf' (already loaded).
Package: etexcmds 2016/05/16 v1.6 Avoid name clashes with e-TeX commands (HO)
Package etexcmds Info: Could not find \expanded.
(etexcmds)             That can mean that you are not using pdfTeX 1.50 or
(etexcmds)             that some package has redefined \expanded.
(etexcmds)             In the latter case, load this package earlier.
Package: kvsetkeys 2016/05/16 v1.17 Key value parser (HO)
Package: kvdefinekeys 2016/05/16 v1.4 Define keys (HO)
Package: pdftexcmds 2018/09/10 v0.29 Utility functions of pdfTeX for LuaTeX (HO
)
Package pdftexcmds Info: LuaTeX not detected.
Package pdftexcmds Info: \pdf@primitive is available.
Package pdftexcmds Info: \pdf@ifprimitive is available.
Package pdftexcmds Info: \pdfdraftmode found.
Package: pdfescape 2016/05/16 v1.14 Implements pdfTeX's escape features (HO)
Package: bigintcalc 2016/05/16 v1.4 Expandable calculations on big integers (HO
)
Package: bitset 2016/05/16 v1.2 Handle bit-vector datatype (HO)
Package: uniquecounter 2016/05/16 v1.3 Provide unlimited unique counter (HO)
)
Package hobsub Info: Skipping package `hobsub' (already loaded).
Package: letltxmacro 2016/05/16 v1.5 Let assignment for LaTeX macros (HO)
Package: hopatch 2016/05/16 v1.3 Wrapper for package hooks (HO)
Package: xcolor-patch 2016/05/16 xcolor patch
Package: atveryend 2016/05/16 v1.9 Hooks at the very end of document (HO)
Package: atbegshi 2016/06/09 v1.18 At begin shipout hook (HO)
Package: refcount 2016/05/16 v3.5 Data extraction from label references (HO)
Package: hycolor 2016/05/16 v1.8 Color options for hyperref/bookmark (HO)
)
(/usr/local/texlive/2018/texmf-dist/tex/latex/oberdiek/auxhook.sty
Package: auxhook 2016/05/16 v1.4 Hooks for auxiliary files (HO)
)
(/usr/local/texlive/2018/texmf-dist/tex/latex/oberdiek/kvoptions.sty
Package: kvoptions 2016/05/16 v3.12 Key value format for package options (HO)
)
\@linkdim=\dimen197
\Hy@linkcounter=\count292
\Hy@pagecounter=\count293

(/usr/local/texlive/2018/texmf-dist/tex/latex/hyperref/pd1enc.def
File: pd1enc.def 2018/11/30 v6.88e Hyperref: PDFDocEncoding definition (HO)
Now handling font encoding PD1 ...
... no UTF-8 mapping file for font encoding PD1
)
\Hy@SavedSpaceFactor=\count294

(/usr/local/texlive/2018/texmf-dist/tex/latex/latexconfig/hyperref.cfg
File: hyperref.cfg 2002/06/06 v1.2 hyperref configuration of TeXLive
)
Package hyperref Info: Option `setpagesize' set `false' on input line 4393.
Package hyperref Info: Option `unicode' set `true' on input line 4393.

(/usr/local/texlive/2018/texmf-dist/tex/latex/hyperref/puenc.def
File: puenc.def 2018/11/30 v6.88e Hyperref: PDF Unicode definition (HO)
Now handling font encoding PU ...
... no UTF-8 mapping file for font encoding PU
)
Package hyperref Info: Hyper figures OFF on input line 4519.
Package hyperref Info: Link nesting OFF on input line 4524.
Package hyperref Info: Hyper index ON on input line 4527.
Package hyperref Info: Plain pages OFF on input line 4534.
Package hyperref Info: Backreferencing OFF on input line 4539.
Package hyperref Info: Implicit mode ON; LaTeX internals redefined.
Package hyperref Info: Bookmarks ON on input line 4772.
\c@Hy@tempcnt=\count295

(/usr/local/texlive/2018/texmf-dist/tex/latex/url/url.sty
\Urlmuskip=\muskip17
Package: url 2013/09/16  ver 3.4  Verb mode for urls, etc.
)
LaTeX Info: Redefining \url on input line 5125.
\XeTeXLinkMargin=\dimen198
\Fld@menulength=\count296
\Field@Width=\dimen199
\Fld@charsize=\dimen256
Package hyperref Info: Hyper figures OFF on input line 6380.
Package hyperref Info: Link nesting OFF on input line 6385.
Package hyperref Info: Hyper index ON on input line 6388.
Package hyperref Info: backreferencing OFF on input line 6395.
Package hyperref Info: Link coloring OFF on input line 6400.
Package hyperref Info: Link coloring with OCG OFF on input line 6405.
Package hyperref Info: PDF/A mode OFF on input line 6410.
LaTeX Info: Redefining \ref on input line 6450.
LaTeX Info: Redefining \pageref on input line 6454.
\Hy@abspage=\count297
\c@Item=\count298
\c@Hfootnote=\count299
)
Package hyperref Info: Driver (autodetected): hpdftex.

(/usr/local/texlive/2018/texmf-dist/tex/latex/hyperref/hpdftex.def
File: hpdftex.def 2018/11/30 v6.88e Hyperref driver for pdfTeX
\Fld@listcount=\count300
\c@bookmark@seq@number=\count301

(/usr/local/texlive/2018/texmf-dist/tex/latex/oberdiek/rerunfilecheck.sty
Package: rerunfilecheck 2016/05/16 v1.8 Rerun checks for auxiliary files (HO)
Package uniquecounter Info: New unique counter `rerunfilecheck' on input line 2
82.
)
\Hy@SectionHShift=\skip66
)
(/usr/local/texlive/2018/texmf-dist/tex/latex/minted/minted.sty
Package: minted 2017/07/19 v2.5 Yet another Pygments shim for LaTeX

(/usr/local/texlive/2018/texmf-dist/tex/latex/fvextra/fvextra.sty
Package: fvextra 2019/02/04 v1.4 fvextra - extensions and patches for fancyvrb

(/usr/local/texlive/2018/texmf-dist/tex/latex/fancyvrb/fancyvrb.sty
Package: fancyvrb 2019/01/15

Style option: `fancyvrb' v3.2a <2019/01/15> (tvz)
\FV@CodeLineNo=\count302
\FV@InFile=\read2
\FV@TabBox=\box58
\c@FancyVerbLine=\count303
\FV@StepNumber=\count304
\FV@OutFile=\write4
)
(/usr/local/texlive/2018/texmf-dist/tex/latex/upquote/upquote.sty
Package: upquote 2012/04/19 v1.3 upright-quote and grave-accent glyphs in verba
tim
)
(/usr/local/texlive/2018/texmf-dist/tex/latex/lineno/lineno.sty
Package: lineno 2005/11/02 line numbers on paragraphs v4.41
\linenopenalty=\count305
\output=\toks27
\linenoprevgraf=\count306
\linenumbersep=\dimen257
\linenumberwidth=\dimen258
\c@linenumber=\count307
\c@pagewiselinenumber=\count308
\c@LN@truepage=\count309
\c@internallinenumber=\count310
\c@internallinenumbers=\count311
\quotelinenumbersep=\dimen259
\bframerule=\dimen260
\bframesep=\dimen261
\bframebox=\box59
LaTeX Info: Redefining \\ on input line 3056.
)
\c@FV@TrueTabGroupLevel=\count312
\c@FV@TrueTabCounter=\count313
\FV@TabBox@Group=\box60
\FV@TmpLength=\skip67
\c@FV@HighlightLinesStart=\count314
\c@FV@HighlightLinesStop=\count315
\FV@LoopCount=\count316
\FV@NCharsBox=\box61
\FV@BreakIndent=\dimen262
\FV@BreakIndentNChars=\count317
\FV@BreakSymbolSepLeft=\dimen263
\FV@BreakSymbolSepLeftNChars=\count318
\FV@BreakSymbolSepRight=\dimen264
\FV@BreakSymbolSepRightNChars=\count319
\FV@BreakSymbolIndentLeft=\dimen265
\FV@BreakSymbolIndentLeftNChars=\count320
\FV@BreakSymbolIndentRight=\dimen266
\FV@BreakSymbolIndentRightNChars=\count321
\c@FancyVerbLineBreakLast=\count322
\FV@LineBox=\box62
\FV@LineIndentBox=\box63
\FV@LineWidth=\dimen267
)
(/usr/local/texlive/2018/texmf-dist/tex/latex/tools/shellesc.sty
Package: shellesc 2016/06/07 v0.02a unified shell escape interface for LaTeX
Package shellesc Info: Unrestricted shell escape enabled on input line 67.
)
(/usr/local/texlive/2018/texmf-dist/tex/latex/ifplatform/ifplatform.sty
Package: ifplatform 2017/10/13 v0.4a Testing for the operating system

(/usr/local/texlive/2018/texmf-dist/tex/generic/oberdiek/catchfile.sty
Package: catchfile 2016/05/16 v1.7 Catch the contents of a file (HO)
)
runsystem(uname -s > "main.w18")...executed.


(./main.w18)
runsystem(rm -- "main.w18")...executed.

)
(/usr/local/texlive/2018/texmf-dist/tex/generic/xstring/xstring.sty
(/usr/local/texlive/2018/texmf-dist/tex/generic/xstring/xstring.tex
\integerpart=\count323
\decimalpart=\count324
)
Package: xstring 2019/02/06 v1.83 String manipulations (CT)
)
(/usr/local/texlive/2018/texmf-dist/tex/latex/framed/framed.sty
Package: framed 2011/10/22 v 0.96: framed or shaded text with page breaks
\OuterFrameSep=\skip68
\fb@frw=\dimen268
\fb@frh=\dimen269
\FrameRule=\dimen270
\FrameSep=\dimen271
)
(/usr/local/texlive/2018/texmf-dist/tex/latex/float/float.sty
Package: float 2001/11/08 v1.3d Float enhancements (AL)
\c@float@type=\count325
\float@exts=\toks28
\float@box=\box64
\@float@everytoks=\toks29
\@floatcapt=\box65
)
\minted@appexistsfile=\read3
\minted@bgbox=\box66
\minted@code=\write5
\c@minted@FancyVerbLineTemp=\count326
\c@minted@pygmentizecounter=\count327
\@float@every@listing=\toks30
\c@listing=\count328
)
runsystem(mkdir -p _minted-main)...executed.


(/usr/local/texlive/2018/texmf-dist/tex/latex/booktabs/booktabs.sty
Package: booktabs 2016/04/27 v1.618033 publication quality tables
\heavyrulewidth=\dimen272
\lightrulewidth=\dimen273
\cmidrulewidth=\dimen274
\belowrulesep=\dimen275
\belowbottomsep=\dimen276
\aboverulesep=\dimen277
\abovetopsep=\dimen278
\cmidrulesep=\dimen279
\cmidrulekern=\dimen280
\defaultaddspace=\dimen281
\@cmidla=\count329
\@cmidlb=\count330
\@aboverulesep=\dimen282
\@belowrulesep=\dimen283
\@thisruleclass=\count331
\@lastruleclass=\count332
\@thisrulewidth=\dimen284
)
(/usr/local/texlive/2018/texmf-dist/tex/latex/tools/longtable.sty
Package: longtable 2014/10/28 v4.11 Multi-page Table package (DPC)+ FMi change
\LTleft=\skip69
\LTright=\skip70
\LTpre=\skip71
\LTpost=\skip72
\LTchunksize=\count333
\LTcapwidth=\dimen285
\LT@head=\box67
\LT@firsthead=\box68
\LT@foot=\box69
\LT@lastfoot=\box70
\LT@cols=\count334
\LT@rows=\count335
\c@LT@tables=\count336
\c@LT@chunks=\count337
\LT@p@ftn=\toks31
)
(/usr/local/texlive/2018/texmf-dist/tex/latex/comment/comment.sty
\CommentStream=\write6

Excluding comment 'comment')
(/usr/local/texlive/2018/texmf-dist/tex/generic/babel/babel.sty
Package: babel 2018/11/13 3.27 The Babel package

(/usr/local/texlive/2018/texmf-dist/tex/generic/babel/switch.def
File: switch.def 2018/11/13 3.27 Babel switching mechanism
)
(/usr/local/texlive/2018/texmf-dist/tex/generic/babel-english/english.ldf
Language: english 2017/06/06 v3.3r English support from the babel system

(/usr/local/texlive/2018/texmf-dist/tex/generic/babel/babel.def
File: babel.def 2018/11/13 3.27 Babel common definitions
\babel@savecnt=\count338
\U@D=\dimen286

(/usr/local/texlive/2018/texmf-dist/tex/generic/babel/txtbabel.def)
\bbl@dirlevel=\count339
)
\l@canadian = a dialect from \language\l@american 
\l@australian = a dialect from \language\l@british 
\l@newzealand = a dialect from \language\l@british 
))
(/usr/local/texlive/2018/texmf-dist/tex/latex/biblatex/biblatex.sty
Package: biblatex 2018/11/02 v3.12 programmable bibliographies (PK/MW)

(/usr/local/texlive/2018/texmf-dist/tex/latex/logreq/logreq.sty
Package: logreq 2010/08/04 v1.0 xml request logger
\lrq@indent=\count340

(/usr/local/texlive/2018/texmf-dist/tex/latex/logreq/logreq.def
File: logreq.def 2010/08/04 v1.0 logreq spec v1.0
))
\c@tabx@nest=\count341
\c@listtotal=\count342
\c@listcount=\count343
\c@liststart=\count344
\c@liststop=\count345
\c@citecount=\count346
\c@citetotal=\count347
\c@multicitecount=\count348
\c@multicitetotal=\count349
\c@instcount=\count350
\c@maxnames=\count351
\c@minnames=\count352
\c@maxitems=\count353
\c@minitems=\count354
\c@citecounter=\count355
\c@maxcitecounter=\count356
\c@savedcitecounter=\count357
\c@uniquelist=\count358
\c@uniquename=\count359
\c@refsection=\count360
\c@refsegment=\count361
\c@maxextratitle=\count362
\c@maxextratitleyear=\count363
\c@maxextraname=\count364
\c@maxextradate=\count365
\c@maxextraalpha=\count366
\c@abbrvpenalty=\count367
\c@highnamepenalty=\count368
\c@lownamepenalty=\count369
\c@maxparens=\count370
\c@parenlevel=\count371
\blx@tempcnta=\count372
\blx@tempcntb=\count373
\blx@tempcntc=\count374
\blx@maxsection=\count375
\blx@maxsegment@0=\count376
\blx@notetype=\count377
\blx@parenlevel@text=\count378
\blx@parenlevel@foot=\count379
\blx@sectionciteorder@0=\count380
\blx@entrysetcounter=\count381
\labelnumberwidth=\skip73
\labelalphawidth=\skip74
\biblabelsep=\skip75
\bibitemsep=\skip76
\bibnamesep=\skip77
\bibinitsep=\skip78
\bibparsep=\skip79
\bibhang=\skip80
\blx@bcfin=\read4
\blx@bcfout=\write7
\c@mincomprange=\count382
\c@maxcomprange=\count383
\c@mincompwidth=\count384
Package biblatex Info: Trying to load biblatex default data model...
Package biblatex Info: ... file 'blx-dm.def' found.

(/usr/local/texlive/2018/texmf-dist/tex/latex/biblatex/blx-dm.def
File: blx-dm.def 2018/11/02 v3.12 biblatex localization (PK/MW)
)
Package biblatex Info: Trying to load biblatex style data model...
Package biblatex Info: ... file 'phys.dbx' not found.
Package biblatex Info: Trying to load biblatex custom data model...
Package biblatex Info: ... file 'biblatex-dm.cfg' not found.
\c@afterword=\count385
\c@savedafterword=\count386
\c@annotator=\count387
\c@savedannotator=\count388
\c@author=\count389
\c@savedauthor=\count390
\c@bookauthor=\count391
\c@savedbookauthor=\count392
\c@commentator=\count393
\c@savedcommentator=\count394
\c@editor=\count395
\c@savededitor=\count396
\c@editora=\count397
\c@savededitora=\count398
\c@editorb=\count399
\c@savededitorb=\count400
\c@editorc=\count401
\c@savededitorc=\count402
\c@foreword=\count403
\c@savedforeword=\count404
\c@holder=\count405
\c@savedholder=\count406
\c@introduction=\count407
\c@savedintroduction=\count408
\c@namea=\count409
\c@savednamea=\count410
\c@nameb=\count411
\c@savednameb=\count412
\c@namec=\count413
\c@savednamec=\count414
\c@translator=\count415
\c@savedtranslator=\count416
\c@shortauthor=\count417
\c@savedshortauthor=\count418
\c@shorteditor=\count419
\c@savedshorteditor=\count420
\c@labelname=\count421
\c@savedlabelname=\count422
\c@institution=\count423
\c@savedinstitution=\count424
\c@lista=\count425
\c@savedlista=\count426
\c@listb=\count427
\c@savedlistb=\count428
\c@listc=\count429
\c@savedlistc=\count430
\c@listd=\count431
\c@savedlistd=\count432
\c@liste=\count433
\c@savedliste=\count434
\c@listf=\count435
\c@savedlistf=\count436
\c@location=\count437
\c@savedlocation=\count438
\c@organization=\count439
\c@savedorganization=\count440
\c@origlocation=\count441
\c@savedoriglocation=\count442
\c@origpublisher=\count443
\c@savedorigpublisher=\count444
\c@publisher=\count445
\c@savedpublisher=\count446
\c@language=\count447
\c@savedlanguage=\count448
\c@origlanguage=\count449
\c@savedoriglanguage=\count450
\c@pageref=\count451
\c@savedpageref=\count452
\shorthandwidth=\skip81
\shortjournalwidth=\skip82
\shortserieswidth=\skip83
\shorttitlewidth=\skip84
\shortauthorwidth=\skip85
\shorteditorwidth=\skip86
\locallabelnumberwidth=\skip87
\locallabelalphawidth=\skip88
\localshorthandwidth=\skip89
\localshortjournalwidth=\skip90
\localshortserieswidth=\skip91
\localshorttitlewidth=\skip92
\localshortauthorwidth=\skip93
\localshorteditorwidth=\skip94
Package biblatex Info: Trying to load compatibility code...
Package biblatex Info: ... file 'blx-compat.def' found.

(/usr/local/texlive/2018/texmf-dist/tex/latex/biblatex/blx-compat.def
File: blx-compat.def 2018/11/02 v3.12 biblatex compatibility (PK/MW)
)
Package biblatex Info: Trying to load generic definitions...
Package biblatex Info: ... file 'biblatex.def' found.

(/usr/local/texlive/2018/texmf-dist/tex/latex/biblatex/biblatex.def
File: biblatex.def 2018/11/02 v3.12 biblatex compatibility (PK/MW)
\c@textcitecount=\count453
\c@textcitetotal=\count454
\c@textcitemaxnames=\count455
\c@biburlnumpenalty=\count456
\c@biburlucpenalty=\count457
\c@biburllcpenalty=\count458
\c@smartand=\count459
)
Package biblatex Info: Trying to load bibliography style 'phys'...
Package biblatex Info: ... file 'phys.bbx' found.

(/usr/local/texlive/2018/texmf-dist/tex/latex/biblatex-phys/phys.bbx
File: phys.bbx 2018/10/19 v1.1 biblatex bibliography style
Package biblatex Info: Trying to load bibliography style 'numeric-comp'...
Package biblatex Info: ... file 'numeric-comp.bbx' found.

(/usr/local/texlive/2018/texmf-dist/tex/latex/biblatex/bbx/numeric-comp.bbx
File: numeric-comp.bbx 2018/11/02 v3.12 biblatex bibliography style (PK/MW)
Package biblatex Info: Trying to load bibliography style 'numeric'...
Package biblatex Info: ... file 'numeric.bbx' found.

(/usr/local/texlive/2018/texmf-dist/tex/latex/biblatex/bbx/numeric.bbx
File: numeric.bbx 2018/11/02 v3.12 biblatex bibliography style (PK/MW)
Package biblatex Info: Trying to load bibliography style 'standard'...
Package biblatex Info: ... file 'standard.bbx' found.

(/usr/local/texlive/2018/texmf-dist/tex/latex/biblatex/bbx/standard.bbx
File: standard.bbx 2018/11/02 v3.12 biblatex bibliography style (PK/MW)
\c@bbx:relatedcount=\count460
\c@bbx:relatedtotal=\count461
))))
Package biblatex Info: Trying to load citation style 'phys'...
Package biblatex Info: ... file 'phys.cbx' found.

(/usr/local/texlive/2018/texmf-dist/tex/latex/biblatex-phys/phys.cbx
File: phys.cbx 2018/10/19 v1.1 biblatex citation style
Package biblatex Info: Trying to load citation style 'numeric-comp'...
Package biblatex Info: ... file 'numeric-comp.cbx' found.

(/usr/local/texlive/2018/texmf-dist/tex/latex/biblatex/cbx/numeric-comp.cbx
File: numeric-comp.cbx 2018/11/02 v3.12 biblatex citation style (PK/MW)
\c@cbx@tempcnta=\count462
\c@cbx@tempcntb=\count463
Package biblatex Info: Redefining '\cite'.
Package biblatex Info: Redefining '\parencite'.
Package biblatex Info: Redefining '\footcite'.
Package biblatex Info: Redefining '\footcitetext'.
Package biblatex Info: Redefining '\smartcite'.
Package biblatex Info: Redefining '\supercite'.
Package biblatex Info: Redefining '\textcite'.
Package biblatex Info: Redefining '\textcites'.
Package biblatex Info: Redefining '\cites'.
Package biblatex Info: Redefining '\parencites'.
Package biblatex Info: Redefining '\smartcites'.
))
Package biblatex Info: Trying to load configuration file...
Package biblatex Info: ... file 'biblatex.cfg' found.

(./biblatex.cfg))

Package geometry Warning: Over-specification in `h'-direction.
    `width' (454.10269pt) is ignored.


Package geometry Warning: Over-specification in `v'-direction.
    `height' (701.39043pt) is ignored.

runsystem(which pygmentize && touch main.aex)...executed.

runsystem(rm main.aex)...executed.

Package biblatex Info: Trying to load language 'english'...
Package biblatex Info: ... file 'english.lbx' found.
(/usr/local/texlive/2018/texmf-dist/tex/latex/biblatex/lbx/english.lbx
File: english.lbx 2018/11/02 v3.12 biblatex localization (PK/MW)
)

Package biblatex Warning: 'babel/polyglossia' detected but 'csquotes' missing.
(biblatex)                Loading 'csquotes' recommended.

\@quotelevel=\count464
\@quotereset=\count465
(./main.aux)
\openout1 = `main.aux'.

LaTeX Font Info:    Checking defaults for OML/cmm/m/it on input line 46.
LaTeX Font Info:    ... okay on input line 46.
LaTeX Font Info:    Checking defaults for T1/cmr/m/n on input line 46.
LaTeX Font Info:    ... okay on input line 46.
LaTeX Font Info:    Checking defaults for OT1/cmr/m/n on input line 46.
LaTeX Font Info:    ... okay on input line 46.
LaTeX Font Info:    Checking defaults for OMS/cmsy/m/n on input line 46.
LaTeX Font Info:    ... okay on input line 46.
LaTeX Font Info:    Checking defaults for OMX/cmex/m/n on input line 46.
LaTeX Font Info:    ... okay on input line 46.
LaTeX Font Info:    Checking defaults for U/cmr/m/n on input line 46.
LaTeX Font Info:    ... okay on input line 46.
LaTeX Font Info:    Checking defaults for C00/song/m/n on input line 46.
LaTeX Font Info:    ... okay on input line 46.
LaTeX Font Info:    Checking defaults for C05/song/m/n on input line 46.
LaTeX Font Info:    ... okay on input line 46.
LaTeX Font Info:    Checking defaults for C09/song/m/n on input line 46.
LaTeX Font Info:    ... okay on input line 46.
LaTeX Font Info:    Checking defaults for C10/song/m/n on input line 46.
LaTeX Font Info:    ... okay on input line 46.
LaTeX Font Info:    Checking defaults for C20/song/m/n on input line 46.
LaTeX Font Info:    ... okay on input line 46.
LaTeX Font Info:    Checking defaults for C19/song/m/n on input line 46.
LaTeX Font Info:    ... okay on input line 46.
LaTeX Font Info:    Checking defaults for C40/song/m/n on input line 46.
LaTeX Font Info:    ... okay on input line 46.
LaTeX Font Info:    Checking defaults for C42/song/m/n on input line 46.
LaTeX Font Info:    ... okay on input line 46.
LaTeX Font Info:    Checking defaults for C43/song/m/n on input line 46.
LaTeX Font Info:    ... okay on input line 46.
LaTeX Font Info:    Checking defaults for C50/song/m/n on input line 46.
LaTeX Font Info:    ... okay on input line 46.
LaTeX Font Info:    Checking defaults for C52/song/m/n on input line 46.
LaTeX Font Info:    ... okay on input line 46.
LaTeX Font Info:    Checking defaults for C49/song/m/n on input line 46.
LaTeX Font Info:    ... okay on input line 46.
LaTeX Font Info:    Checking defaults for C60/mj/m/n on input line 46.
LaTeX Font Info:    ... okay on input line 46.
LaTeX Font Info:    Checking defaults for C61/mj/m/n on input line 46.
LaTeX Font Info:    ... okay on input line 46.
LaTeX Font Info:    Checking defaults for C63/mj/m/n on input line 46.
LaTeX Font Info:    ... okay on input line 46.
LaTeX Font Info:    Checking defaults for C64/mj/m/n on input line 46.
LaTeX Font Info:    ... okay on input line 46.
LaTeX Font Info:    Checking defaults for C65/mj/m/n on input line 46.
LaTeX Font Info:    ... okay on input line 46.
LaTeX Font Info:    Checking defaults for C70/song/m/n on input line 46.
LaTeX Font Info:    ... okay on input line 46.
LaTeX Font Info:    Checking defaults for C31/song/m/n on input line 46.
LaTeX Font Info:    ... okay on input line 46.
LaTeX Font Info:    Checking defaults for C32/song/m/n on input line 46.
LaTeX Font Info:    ... okay on input line 46.
LaTeX Font Info:    Checking defaults for C33/song/m/n on input line 46.
LaTeX Font Info:    ... okay on input line 46.
LaTeX Font Info:    Checking defaults for C34/song/m/n on input line 46.
LaTeX Font Info:    ... okay on input line 46.
LaTeX Font Info:    Checking defaults for C35/song/m/n on input line 46.
LaTeX Font Info:    ... okay on input line 46.
LaTeX Font Info:    Checking defaults for C36/song/m/n on input line 46.
LaTeX Font Info:    ... okay on input line 46.
LaTeX Font Info:    Checking defaults for C37/song/m/n on input line 46.
LaTeX Font Info:    ... okay on input line 46.
LaTeX Font Info:    Checking defaults for C80/song/m/n on input line 46.
LaTeX Font Info:    ... okay on input line 46.
LaTeX Font Info:    Checking defaults for C81/song/m/n on input line 46.
LaTeX Font Info:    ... okay on input line 46.
LaTeX Font Info:    Checking defaults for C01/song/m/n on input line 46.
LaTeX Font Info:    ... okay on input line 46.
LaTeX Font Info:    Checking defaults for C11/song/m/n on input line 46.
LaTeX Font Info:    ... okay on input line 46.
LaTeX Font Info:    Checking defaults for C21/song/m/n on input line 46.
LaTeX Font Info:    ... okay on input line 46.
LaTeX Font Info:    Checking defaults for C41/song/m/n on input line 46.
LaTeX Font Info:    ... okay on input line 46.
LaTeX Font Info:    Checking defaults for C62/song/m/n on input line 46.
LaTeX Font Info:    ... okay on input line 46.
LaTeX Font Info:    Checking defaults for PD1/pdf/m/n on input line 46.
LaTeX Font Info:    ... okay on input line 46.
LaTeX Font Info:    Checking defaults for PU/pdf/m/n on input line 46.
LaTeX Font Info:    ... okay on input line 46.

*geometry* driver: auto-detecting
*geometry* detected driver: pdftex
*geometry* verbose mode - [ preamble ] result:
* driver: pdftex
* paper: a4paper
* layout: <same size as paper>
* layoutoffset:(h,v)=(0.0pt,0.0pt)
* hratio: 1:1
* vratio: 1:1
* modes: includehead includefoot truedimen 
* h-part:(L,W,R)=(71.13188pt, 455.24411pt, 71.13188pt)
* v-part:(T,H,B)=(85.35826pt, 674.33032pt, 85.35826pt)
* \paperwidth=597.50787pt
* \paperheight=845.04684pt
* \textwidth=455.24411pt
* \textheight=617.41449pt
* \oddsidemargin=-1.1381pt
* \evensidemargin=-1.1381pt
* \topmargin=13.08827pt
* \headheight=10.0pt
* \headsep=18.45792pt
* \topskip=10.0pt
* \footskip=28.45792pt
* \marginparwidth=18.49426pt
* \marginparsep=18.49426pt
* \columnsep=18.49426pt
* \skip\footins=16.0pt plus 5.0pt minus 2.0pt
* \hoffset=0.0pt
* \voffset=0.0pt
* \mag=1000
* \@twocolumnfalse
* \@twosidefalse
* \@mparswitchfalse
* \@reversemarginfalse
* (1in=72.27pt=25.4mm, 1cm=28.453pt)

(/usr/local/texlive/2018/texmf-dist/tex/latex/cjk/texinput/UTF8/UTF8.enc
File: UTF8.enc 2015/04/18 4.8.4
)
(/usr/local/texlive/2018/texmf-dist/tex/latex/cjk/texinput/UTF8/UTF8.chr
File: UTF8.chr 2015/04/18 4.8.4
)
(/usr/local/texlive/2018/texmf-dist/tex/context/base/mkii/supp-pdf.mkii
[Loading MPS to PDF converter (version 2006.09.02).]
\scratchcounter=\count466
\scratchdimen=\dimen287
\scratchbox=\box71
\nofMPsegments=\count467
\nofMParguments=\count468
\everyMPshowfont=\toks32
\MPscratchCnt=\count469
\MPscratchDim=\dimen288
\MPnumerator=\count470
\makeMPintoPDFobject=\count471
\everyMPtoPDFconversion=\toks33
) (/usr/local/texlive/2018/texmf-dist/tex/latex/oberdiek/epstopdf-base.sty
Package: epstopdf-base 2016/05/15 v2.6 Base part for package epstopdf

(/usr/local/texlive/2018/texmf-dist/tex/latex/oberdiek/grfext.sty
Package: grfext 2016/05/16 v1.2 Manage graphics extensions (HO)
)
Package epstopdf-base Info: Redefining graphics rule for `.eps' on input line 4
38.
Package grfext Info: Graphics extension search list:
(grfext)             [.pdf,.png,.jpg,.mps,.jpeg,.jbig2,.jb2,.PDF,.PNG,.JPG,.JPE
G,.JBIG2,.JB2,.eps]
(grfext)             \AppendGraphicsExtensions on input line 456.

(/usr/local/texlive/2018/texmf-dist/tex/latex/latexconfig/epstopdf-sys.cfg
File: epstopdf-sys.cfg 2010/07/13 v1.3 Configuration of (r)epstopdf for TeX Liv
e
))
Package caption Info: Begin \AtBeginDocument code.
Package caption Info: float package is loaded.
Package caption Info: hyperref package is loaded.
Package caption Info: longtable package is loaded.

(/usr/local/texlive/2018/texmf-dist/tex/latex/caption/ltcaption.sty
Package: ltcaption 2018/08/26 v1.4-95 longtable captions (AR)
)
Package caption Info: End \AtBeginDocument code.
Now handling font encoding TS1 ...
... processing UTF-8 mapping file for font encoding TS1

(/usr/local/texlive/2018/texmf-dist/tex/latex/base/ts1enc.dfu
File: ts1enc.dfu 2018/10/05 v1.2f UTF-8 support for inputenc
   defining Unicode char U+00A2 (decimal 162)
   defining Unicode char U+00A3 (decimal 163)
   defining Unicode char U+00A4 (decimal 164)
   defining Unicode char U+00A5 (decimal 165)
   defining Unicode char U+00A6 (decimal 166)
   defining Unicode char U+00A7 (decimal 167)
   defining Unicode char U+00A8 (decimal 168)
   defining Unicode char U+00A9 (decimal 169)
   defining Unicode char U+00AA (decimal 170)
   defining Unicode char U+00AC (decimal 172)
   defining Unicode char U+00AE (decimal 174)
   defining Unicode char U+00AF (decimal 175)
   defining Unicode char U+00B0 (decimal 176)
   defining Unicode char U+00B1 (decimal 177)
   defining Unicode char U+00B2 (decimal 178)
   defining Unicode char U+00B3 (decimal 179)
   defining Unicode char U+00B4 (decimal 180)
   defining Unicode char U+00B5 (decimal 181)
   defining Unicode char U+00B6 (decimal 182)
   defining Unicode char U+00B7 (decimal 183)
   defining Unicode char U+00B9 (decimal 185)
   defining Unicode char U+00BA (decimal 186)
   defining Unicode char U+00BC (decimal 188)
   defining Unicode char U+00BD (decimal 189)
   defining Unicode char U+00BE (decimal 190)
   defining Unicode char U+00D7 (decimal 215)
   defining Unicode char U+00F7 (decimal 247)
   defining Unicode char U+0192 (decimal 402)
   defining Unicode char U+02C7 (decimal 711)
   defining Unicode char U+02D8 (decimal 728)
   defining Unicode char U+02DD (decimal 733)
   defining Unicode char U+0E3F (decimal 3647)
   defining Unicode char U+2016 (decimal 8214)
   defining Unicode char U+2020 (decimal 8224)
   defining Unicode char U+2021 (decimal 8225)
   defining Unicode char U+2022 (decimal 8226)
   defining Unicode char U+2030 (decimal 8240)
   defining Unicode char U+2031 (decimal 8241)
   defining Unicode char U+203B (decimal 8251)
   defining Unicode char U+203D (decimal 8253)
   defining Unicode char U+2044 (decimal 8260)
   defining Unicode char U+204E (decimal 8270)
   defining Unicode char U+2052 (decimal 8274)
   defining Unicode char U+20A1 (decimal 8353)
   defining Unicode char U+20A4 (decimal 8356)
   defining Unicode char U+20A6 (decimal 8358)
   defining Unicode char U+20A9 (decimal 8361)
   defining Unicode char U+20AB (decimal 8363)
   defining Unicode char U+20AC (decimal 8364)
   defining Unicode char U+20B1 (decimal 8369)
   defining Unicode char U+2103 (decimal 8451)
   defining Unicode char U+2116 (decimal 8470)
   defining Unicode char U+2117 (decimal 8471)
   defining Unicode char U+211E (decimal 8478)
   defining Unicode char U+2120 (decimal 8480)
   defining Unicode char U+2122 (decimal 8482)
   defining Unicode char U+2126 (decimal 8486)
   defining Unicode char U+2127 (decimal 8487)
   defining Unicode char U+212E (decimal 8494)
   defining Unicode char U+2190 (decimal 8592)
   defining Unicode char U+2191 (decimal 8593)
   defining Unicode char U+2192 (decimal 8594)
   defining Unicode char U+2193 (decimal 8595)
   defining Unicode char U+2329 (decimal 9001)
   defining Unicode char U+232A (decimal 9002)
   defining Unicode char U+2422 (decimal 9250)
   defining Unicode char U+25E6 (decimal 9702)
   defining Unicode char U+25EF (decimal 9711)
   defining Unicode char U+266A (decimal 9834)
   defining Unicode char U+FEFF (decimal 65279)
)
(/usr/local/texlive/2018/texmf-dist/tex/latex/translator/translator-basic-dicti
onary-English.dict
Dictionary: translator-basic-dictionary, Language: English 
)
(/usr/local/texlive/2018/texmf-dist/tex/latex/siunitx/siunitx-abbreviations.cfg
File: siunitx-abbreviations.cfg 2017/11/26 v2.7k siunitx: Abbreviated units
)
\AtBeginShipoutBox=\box72
Package hyperref Info: Link coloring OFF on input line 46.
 (/usr/local/texlive/2018/texmf-dist/tex/latex/hyperref/nameref.sty
Package: nameref 2016/05/21 v2.44 Cross-referencing by name of section

(/usr/local/texlive/2018/texmf-dist/tex/generic/oberdiek/gettitlestring.sty
Package: gettitlestring 2016/05/16 v1.5 Cleanup title references (HO)
)
\c@section@level=\count472
)
LaTeX Info: Redefining \ref on input line 46.
LaTeX Info: Redefining \pageref on input line 46.
LaTeX Info: Redefining \nameref on input line 46.

(./main.out) (./main.out)
\@outlinefile=\write8
\openout8 = `main.out'.

Package biblatex Info: Input encoding 'utf8' detected.
Package biblatex Info: Automatic encoding selection.
(biblatex)             Assuming data encoding 'utf8'.
\openout7 = `main.bcf'.

Package biblatex Info: Trying to load bibliographic data...
Package biblatex Info: ... file 'main.bbl' found.
 (./main.bbl)
Package biblatex Info: Reference section=0 on input line 46.
Package biblatex Info: Reference segment=0 on input line 46.
LaTeX Font Info:    Try loading font information for U+msa on input line 46.

(/usr/local/texlive/2018/texmf-dist/tex/latex/amsfonts/umsa.fd
File: umsa.fd 2013/01/14 v3.01 AMS symbols A
)
LaTeX Font Info:    Try loading font information for U+msb on input line 46.

(/usr/local/texlive/2018/texmf-dist/tex/latex/amsfonts/umsb.fd
File: umsb.fd 2013/01/14 v3.01 AMS symbols B
)
LaTeX Font Info:    Font shape `C70/mc/bx/n'
(Font)              in size <17.28> not available.
(Font)              Font shape `C70/gt/m/n'
(Font)              tried instead on input line 52.
LaTeX Font Info:    Font shape `C70/gt/m/n' will be
(Font)              scaled to size 15.97903pt on input line 52.
Package CJKpunct Info: punctuation spaces for family 'mc' do not exist. Use fam
ily 'def' instead. on input line 52.
LaTeX Font Info:    Font shape `C70/gt/m/n' will be
(Font)              scaled to size 15.97903pt on input line 52.
LaTeX Font Info:    Font shape `C70/gt/m/n' will be
(Font)              scaled to size 15.97903pt on input line 52.
LaTeX Font Info:    Font shape `C70/gt/m/n' will be
(Font)              scaled to size 15.97903pt on input line 52.
LaTeX Font Info:    Font shape `C70/gt/m/n' will be
(Font)              scaled to size 15.97903pt on input line 52.
LaTeX Font Info:    Font shape `C70/gt/m/n' will be
(Font)              scaled to size 15.97903pt on input line 52.
LaTeX Font Info:    Font shape `C70/gt/m/n' will be
(Font)              scaled to size 15.97903pt on input line 52.
LaTeX Font Info:    Font shape `C70/gt/m/n' will be
(Font)              scaled to size 15.97903pt on input line 52.
LaTeX Font Info:    Font shape `C70/gt/m/n' will be
(Font)              scaled to size 15.97903pt on input line 52.
LaTeX Font Info:    Font shape `C70/gt/m/n' will be
(Font)              scaled to size 15.97903pt on input line 52.
LaTeX Font Info:    Font shape `C70/gt/m/n' will be
(Font)              scaled to size 15.97903pt on input line 52.
LaTeX Font Info:    Font shape `C70/gt/m/n' will be
(Font)              scaled to size 15.97903pt on input line 52.
LaTeX Font Info:    Font shape `C70/gt/m/n' will be
(Font)              scaled to size 15.97903pt on input line 52.
LaTeX Font Info:    Font shape `C70/gt/m/n' will be
(Font)              scaled to size 15.97903pt on input line 52.
LaTeX Font Info:    Font shape `C70/gt/m/n' will be
(Font)              scaled to size 15.97903pt on input line 52.
LaTeX Font Info:    Font shape `C70/gt/m/n' will be
(Font)              scaled to size 15.97903pt on input line 52.
LaTeX Font Info:    Font shape `C70/gt/m/n' will be
(Font)              scaled to size 15.97903pt on input line 52.
LaTeX Font Info:    Font shape `C70/gt/m/n' will be
(Font)              scaled to size 15.97903pt on input line 52.
LaTeX Font Info:    Font shape `C70/gt/m/n' will be
(Font)              scaled to size 15.97903pt on input line 52.
LaTeX Font Info:    Font shape `C70/mc/bx/n'
(Font)              in size <24.88> not available.
(Font)              Font shape `C70/gt/m/n'
(Font)              tried instead on input line 54.
LaTeX Font Info:    Font shape `C70/gt/m/n' will be
(Font)              scaled to size 23.00687pt on input line 54.
LaTeX Font Info:    Font shape `C70/gt/m/n' will be
(Font)              scaled to size 23.00687pt on input line 54.
LaTeX Font Info:    Font shape `C70/mc/bx/n'
(Font)              in size <14.4> not available.
(Font)              Font shape `C70/gt/m/n'
(Font)              tried instead on input line 58.
LaTeX Font Info:    Font shape `C70/gt/m/n' will be
(Font)              scaled to size 13.31586pt on input line 58.
LaTeX Font Info:    Font shape `C70/gt/m/n' will be
(Font)              scaled to size 13.31586pt on input line 58.
LaTeX Font Info:    Font shape `C70/gt/m/n' will be
(Font)              scaled to size 13.31586pt on input line 58.
LaTeX Font Info:    Font shape `C70/gt/m/n' will be
(Font)              scaled to size 13.31586pt on input line 58.
LaTeX Font Info:    Font shape `C70/gt/m/n' will be
(Font)              scaled to size 13.31586pt on input line 58.
LaTeX Font Info:    Font shape `C70/gt/m/n' will be
(Font)              scaled to size 13.31586pt on input line 58.
LaTeX Font Info:    Font shape `C70/gt/m/n' will be
(Font)              scaled to size 13.31586pt on input line 58.
LaTeX Font Info:    Font shape `C70/gt/m/n' will be
(Font)              scaled to size 13.31586pt on input line 58.
LaTeX Font Info:    Font shape `C70/gt/m/n' will be
(Font)              scaled to size 13.31586pt on input line 58.
LaTeX Font Info:    Font shape `C70/gt/m/n' will be
(Font)              scaled to size 13.31586pt on input line 58.
LaTeX Font Info:    Font shape `C70/gt/m/n' will be
(Font)              scaled to size 13.31586pt on input line 58.
LaTeX Font Info:    Font shape `C70/gt/m/n' will be
(Font)              scaled to size 13.31586pt on input line 58.
LaTeX Font Info:    Font shape `C70/gt/m/n' will be
(Font)              scaled to size 13.31586pt on input line 58.
LaTeX Font Info:    Font shape `C70/gt/m/n' will be
(Font)              scaled to size 13.31586pt on input line 58.
LaTeX Font Info:    Font shape `C70/gt/m/n' will be
(Font)              scaled to size 13.31586pt on input line 58.
LaTeX Font Info:    Font shape `C70/gt/m/n' will be
(Font)              scaled to size 13.31586pt on input line 58.
LaTeX Font Info:    Font shape `C70/gt/m/n' will be
(Font)              scaled to size 13.31586pt on input line 58.
LaTeX Font Info:    Font shape `C70/gt/m/n' will be
(Font)              scaled to size 13.31586pt on input line 58.
LaTeX Font Info:    Font shape `C70/gt/m/n' will be
(Font)              scaled to size 13.31586pt on input line 58.
LaTeX Font Info:    Font shape `C70/gt/m/n' will be
(Font)              scaled to size 13.31586pt on input line 58.
 [1

{/usr/local/texlive/2018/texmf-var/fonts/map/pdftex/updmap/pdftex.map}]
LaTeX Font Info:    Font shape `C70/gt/m/n' will be
(Font)              scaled to size 13.31586pt on input line 65.
LaTeX Font Info:    Font shape `C70/gt/m/n' will be
(Font)              scaled to size 13.31586pt on input line 65.
LaTeX Font Info:    Font shape `C70/mc/m/n' will be
(Font)              scaled to size 9.24713pt on input line 66.
LaTeX Font Info:    Font shape `C70/mc/m/n' will be
(Font)              scaled to size 9.24713pt on input line 66.
LaTeX Font Info:    Font shape `C70/mc/m/n' will be
(Font)              scaled to size 9.24713pt on input line 66.
LaTeX Font Info:    Font shape `C70/mc/m/n' will be
(Font)              scaled to size 9.24713pt on input line 66.
LaTeX Font Info:    Font shape `C70/gt/m/n' will be
(Font)              scaled to size 13.31586pt on input line 68.
Package CJKpunct Info: punctuation spaces for family 'gt' do not exist. Use fam
ily 'def' instead. on input line 68.
LaTeX Font Info:    Font shape `C70/mc/m/n' will be
(Font)              scaled to size 9.24713pt on input line 69.
LaTeX Font Info:    Font shape `C70/mc/m/n' will be
(Font)              scaled to size 9.24713pt on input line 69.
LaTeX Font Info:    Font shape `C70/mc/m/n' will be
(Font)              scaled to size 9.24713pt on input line 69.
LaTeX Font Info:    Font shape `C70/mc/m/n' will be
(Font)              scaled to size 9.24713pt on input line 69.
LaTeX Font Info:    Font shape `C70/gt/m/n' will be
(Font)              scaled to size 13.31586pt on input line 71.
LaTeX Font Info:    Font shape `C70/gt/m/n' will be
(Font)              scaled to size 13.31586pt on input line 71.
LaTeX Font Info:    Font shape `C70/mc/m/n' will be
(Font)              scaled to size 9.24713pt on input line 72.
LaTeX Font Info:    Font shape `C70/mc/m/n' will be
(Font)              scaled to size 9.24713pt on input line 72.
LaTeX Font Info:    Font shape `C70/mc/m/n' will be
(Font)              scaled to size 9.24713pt on input line 72.
LaTeX Font Info:    Font shape `C70/mc/m/n' will be
(Font)              scaled to size 9.24713pt on input line 72.
LaTeX Font Info:    Font shape `C70/mc/m/n' will be
(Font)              scaled to size 9.24713pt on input line 72.
LaTeX Font Info:    Font shape `C70/mc/m/n' will be
(Font)              scaled to size 9.24713pt on input line 72.
LaTeX Font Info:    Font shape `C70/mc/m/n' will be
(Font)              scaled to size 9.24713pt on input line 72.
LaTeX Font Info:    Font shape `C70/mc/m/n' will be
(Font)              scaled to size 9.24713pt on input line 72.
LaTeX Font Info:    Font shape `C70/mc/m/n' will be
(Font)              scaled to size 9.24713pt on input line 72.
LaTeX Font Info:    Font shape `C70/mc/m/n' will be
(Font)              scaled to size 9.24713pt on input line 72.
LaTeX Font Info:    Font shape `C70/mc/m/n' will be
(Font)              scaled to size 9.24713pt on input line 72.
LaTeX Font Info:    Font shape `C70/mc/m/n' will be
(Font)              scaled to size 9.24713pt on input line 72.
LaTeX Font Info:    Font shape `C70/mc/m/n' will be
(Font)              scaled to size 9.24713pt on input line 72.
LaTeX Font Info:    Font shape `C70/mc/m/n' will be
(Font)              scaled to size 9.24713pt on input line 72.
LaTeX Font Info:    Font shape `C70/mc/m/n' will be
(Font)              scaled to size 9.24713pt on input line 72.
LaTeX Font Info:    Font shape `C70/mc/m/n' will be
(Font)              scaled to size 9.24713pt on input line 72.
LaTeX Font Info:    Font shape `C70/mc/m/n' will be
(Font)              scaled to size 9.24713pt on input line 72.
LaTeX Font Info:    Font shape `C70/mc/m/n' will be
(Font)              scaled to size 9.24713pt on input line 72.
LaTeX Font Info:    Font shape `C70/mc/m/n' will be
(Font)              scaled to size 9.24713pt on input line 72.
LaTeX Font Info:    Font shape `C70/mc/m/n' will be
(Font)              scaled to size 9.24713pt on input line 72.
LaTeX Font Info:    Try loading font information for OMS+cmr on input line 75.

(/usr/local/texlive/2018/texmf-dist/tex/latex/base/omscmr.fd
File: omscmr.fd 2014/09/29 v2.5h Standard LaTeX font definitions
)
LaTeX Font Info:    Font shape `OMS/cmr/m/n' in size <10> not available
(Font)              Font shape `OMS/cmsy/m/n' tried instead on input line 75.
 [2

]
LaTeX Font Info:    Font shape `C70/gt/m/n' will be
(Font)              scaled to size 13.31586pt on input line 81.
LaTeX Font Info:    Font shape `C70/mc/m/n' will be
(Font)              scaled to size 9.24713pt on input line 82.
LaTeX Font Info:    Font shape `C70/mc/m/n' will be
(Font)              scaled to size 9.24713pt on input line 82.
LaTeX Font Info:    Font shape `C70/mc/m/n' will be
(Font)              scaled to size 9.24713pt on input line 82.
LaTeX Font Info:    Font shape `C70/mc/m/n' will be
(Font)              scaled to size 9.24713pt on input line 82.
LaTeX Font Info:    Font shape `C70/mc/m/n' will be
(Font)              scaled to size 9.24713pt on input line 82.
LaTeX Font Info:    Font shape `C70/mc/m/n' will be
(Font)              scaled to size 9.24713pt on input line 82.
LaTeX Font Info:    Font shape `C70/mc/m/n' will be
(Font)              scaled to size 9.24713pt on input line 82.
LaTeX Font Info:    Font shape `C70/mc/m/n' will be
(Font)              scaled to size 9.24713pt on input line 83.
LaTeX Font Info:    Font shape `C70/mc/m/n' will be
(Font)              scaled to size 9.24713pt on input line 83.
LaTeX Font Info:    Font shape `C70/mc/m/n' will be
(Font)              scaled to size 9.24713pt on input line 83.
LaTeX Font Info:    Font shape `C70/mc/m/n' will be
(Font)              scaled to size 9.24713pt on input line 83.
LaTeX Font Info:    Font shape `C70/mc/m/n' will be
(Font)              scaled to size 9.24713pt on input line 83.
LaTeX Font Info:    Font shape `C70/mc/m/n' will be
(Font)              scaled to size 9.24713pt on input line 83.
LaTeX Font Info:    Font shape `C70/mc/m/n' will be
(Font)              scaled to size 9.24713pt on input line 85.
LaTeX Font Info:    Font shape `C70/mc/m/n' will be
(Font)              scaled to size 9.24713pt on input line 85.
LaTeX Font Info:    Font shape `C70/mc/m/n' will be
(Font)              scaled to size 9.24713pt on input line 85.
LaTeX Font Info:    Font shape `C70/mc/m/n' will be
(Font)              scaled to size 9.24713pt on input line 85.
LaTeX Font Info:    Font shape `C70/mc/m/n' will be
(Font)              scaled to size 9.24713pt on input line 85.
LaTeX Font Info:    Font shape `C70/mc/m/n' will be
(Font)              scaled to size 9.24713pt on input line 86.
LaTeX Font Info:    Font shape `C70/mc/m/n' will be
(Font)              scaled to size 9.24713pt on input line 86.
LaTeX Font Info:    Font shape `C70/mc/m/n' will be
(Font)              scaled to size 9.24713pt on input line 86.
LaTeX Font Info:    Font shape `C70/mc/m/n' will be
(Font)              scaled to size 9.24713pt on input line 86.
LaTeX Font Info:    Font shape `C70/mc/m/n' will be
(Font)              scaled to size 9.24713pt on input line 91.
LaTeX Font Info:    Font shape `C70/mc/m/n' will be
(Font)              scaled to size 9.24713pt on input line 91.
LaTeX Font Info:    Font shape `C70/mc/m/n' will be
(Font)              scaled to size 9.24713pt on input line 103.
LaTeX Font Info:    Font shape `C70/mc/m/n' will be
(Font)              scaled to size 9.24713pt on input line 104.
LaTeX Font Info:    Font shape `C70/mc/m/n' will be
(Font)              scaled to size 9.24713pt on input line 105.
LaTeX Font Info:    Font shape `C70/gt/m/n' will be
(Font)              scaled to size 11.09656pt on input line 107.
\openout4 = `main.pyg'.


(./_minted-main/default-pyg-prefix.pygstyle) (./_minted-main/default.pygstyle)
(./_minted-main/42877677ED8DA336EDE27D430B4F7C74D2DADAD9E08412404738B3EC1B2E022
F.pygtex
LaTeX Font Info:    Font shape `OT1/cmtt/bx/n' in size <10> not available
(Font)              Font shape `OT1/cmtt/m/n' tried instead on input line 2.
)
\openout4 = `main.pyg'.


(./_minted-main/5F3B512B2CAF665101181A36A684E4F0D2DADAD9E08412404738B3EC1B2E022
F.pygtexpdfTeX warning (ext4): destination with the same identifier (name{page.
1}) has been already used, duplicate ignored
<to be read again> 
                   \relax 
l.7 \PYG{g+gp}{    \PYGZdl{}} make install
                                           [1

]) Excluding 'comment' comment.
Excluding 'comment' comment.
LaTeX Font Info:    Font shape `C70/mc/m/n' will be
(Font)              scaled to size 9.24713pt on input line 145.
LaTeX Font Info:    Font shape `C70/mc/m/n' will be
(Font)              scaled to size 9.24713pt on input line 145.
 Excluding 'comment' comment.
\openout4 = `main.pyg'.


(./_minted-main/B30E2C49543B879F24215AFBCEA0EB4BD2DADAD9E08412404738B3EC1B2E022
F.pygtex)
<./figures/cygwin_ss.png, id=260, 861.9703pt x 438.8897pt>
File: ./figures/cygwin_ss.png Graphic file (type png)
<use ./figures/cygwin_ss.png>
Package pdftex.def Info: ./figures/cygwin_ss.png  used on input line 170.
(pdftex.def)             Requested size: 398.33858pt x 202.82927pt.
\openout4 = `main.pyg'.


(./_minted-main/A93EA2D1B9A872E18A125D86801EDED8D2DADAD9E08412404738B3EC1B2E022
F.pygtexpdfTeX warning (ext4): destination with the same identifier (name{page.
2}) has been already used, duplicate ignored
<to be read again> 
                   \relax 
l.1 \begin{Verbatim}[commandchars=\\\{\}]
                                          [2 <./figures/cygwin_ss.png>])
\openout4 = `main.pyg'.


(./_minted-main/95CE74ACBDBC9D5D3F5EC0D4A78DEE28D2DADAD9E08412404738B3EC1B2E022
F.pygtex) Excluding 'comment' comment.
\openout4 = `main.pyg'.


(./_minted-main/ADC78994FB39E9C5A2F2C849D564306FD2DADAD9E08412404738B3EC1B2E022
F.pygtex)
\openout4 = `main.pyg'.


(./_minted-main/95A43BD5B6276408196DB12EC8599F88D2DADAD9E08412404738B3EC1B2E022
F.pygtex)
\openout4 = `main.pyg'.


(./_minted-main/F69B5432D799A2C76E1242C3DAA777B0D2DADAD9E08412404738B3EC1B2E022
F.pygtex)
\openout4 = `main.pyg'.


(./_minted-main/BE36EA98BBD528C3CF52834F0126980BD2DADAD9E08412404738B3EC1B2E022
F.pygtex [3])
\openout4 = `main.pyg'.


(./_minted-main/0E3BE6B47B94D6173551CBECEA486FC5D2DADAD9E08412404738B3EC1B2E022
F.pygtex)
Overfull \hbox (18.26244pt too wide) in paragraph at lines 243--244
\C70/mc/m/n/10/30 h Y  S h g|\C70/mc/m/n/10/ff ^^L| \C70/mc/m/n/10/54 ^^D \C70
/mc/m/n/10/7a . \C70/mc/m/n/10/30     L ]  ^ [][]\OT1/cmtt/m/n/10 ($INSTA
LLDIR)\lib|[]\C70/mc/m/n/10/ff ^^L| [][]\OT1/cmtt/m/n/10 ($INSTALLDIR)\bin|[]\C
70/mc/m/n/10/ff ^^L| [][]\OT1/cmtt/m/n/10 ($INSTALLDIR)\include|[]\C70/mc/m/n/1
0/ff ^^L|
 []

LaTeX Font Info:    Font shape `C70/gt/m/n' will be
(Font)              scaled to size 11.09656pt on input line 245.
LaTeX Font Info:    Font shape `C70/gt/m/n' will be
(Font)              scaled to size 11.09656pt on input line 245.
\openout4 = `main.pyg'.


(./_minted-main/7DA1D965C1A983C46072A93878C46FE3D2DADAD9E08412404738B3EC1B2E022
F.pygtex)
\openout4 = `main.pyg'.


(./_minted-main/9AC85F0EA3DEEA9F6C13A12666F5DD91D2DADAD9E08412404738B3EC1B2E022
F.pygtex)
LaTeX Font Info:    Font shape `C70/mc/m/n' will be
(Font)              scaled to size 9.24713pt on input line 296.
 [4]
LaTeX Font Info:    Font shape `C70/mc/m/n' will be
(Font)              scaled to size 9.24713pt on input line 310.
LaTeX Font Info:    Font shape `C70/gt/m/n' will be
(Font)              scaled to size 13.31586pt on input line 314.
LaTeX Font Info:    Font shape `C70/gt/m/n' will be
(Font)              scaled to size 13.31586pt on input line 314.
LaTeX Font Info:    Font shape `C70/gt/m/n' will be
(Font)              scaled to size 13.31586pt on input line 314.
LaTeX Font Info:    Font shape `C70/gt/m/n' will be
(Font)              scaled to size 13.31586pt on input line 314.
LaTeX Font Info:    Font shape `C70/mc/m/n' will be
(Font)              scaled to size 9.24713pt on input line 316.
LaTeX Font Info:    Font shape `C70/gt/m/n' will be
(Font)              scaled to size 11.09656pt on input line 318.
LaTeX Font Info:    Font shape `C70/gt/m/n' will be
(Font)              scaled to size 11.09656pt on input line 318.
LaTeX Font Info:    Font shape `C70/gt/m/n' will be
(Font)              scaled to size 11.09656pt on input line 318.
LaTeX Font Info:    Font shape `C70/gt/m/n' will be
(Font)              scaled to size 11.09656pt on input line 318.
LaTeX Font Info:    Font shape `C70/gt/m/n' will be
(Font)              scaled to size 11.09656pt on input line 318.
LaTeX Font Info:    Font shape `C70/gt/m/n' will be
(Font)              scaled to size 11.09656pt on input line 318.
LaTeX Font Info:    Font shape `C70/gt/m/n' will be
(Font)              scaled to size 11.09656pt on input line 318.
LaTeX Font Info:    Font shape `C70/gt/m/n' will be
(Font)              scaled to size 11.09656pt on input line 318.
LaTeX Font Info:    Font shape `C70/gt/m/n' will be
(Font)              scaled to size 11.09656pt on input line 318.
LaTeX Font Info:    Font shape `C70/gt/m/n' will be
(Font)              scaled to size 11.09656pt on input line 318.
\openout4 = `main.pyg'.


(./_minted-main/1C674B45A894DD075BC160E19032DBB0D2DADAD9E08412404738B3EC1B2E022
F.pygtex)
\openout4 = `main.pyg'.


(./_minted-main/429B12A429E891D7390AE2B67132FF26AA15CF4BA75075E8168D3671BF7EB06
4.pygtex)
LaTeX Font Info:    Font shape `C70/mc/m/n' will be
(Font)              scaled to size 9.24713pt on input line 340.
LaTeX Font Info:    Font shape `C70/mc/m/n' will be
(Font)              scaled to size 9.24713pt on input line 343.
<./figures/gourmet_output_ss.png, id=305, 459.96844pt x 644.4075pt>
File: ./figures/gourmet_output_ss.png Graphic file (type png)
<use ./figures/gourmet_output_ss.png>
Package pdftex.def Info: ./figures/gourmet_output_ss.png  used on input line 34
7.
(pdftex.def)             Requested size: 227.62204pt x 318.89912pt.
\openout4 = `main.pyg'.


(./_minted-main/5DE7C2B7ABB56DA504C56DE7DC405213D2DADAD9E08412404738B3EC1B2E022
F.pygtex [5])
LaTeX Font Info:    Font shape `C70/mc/m/n' will be
(Font)              scaled to size 9.24713pt on input line 357.
LaTeX Font Info:    Font shape `C70/mc/m/n' will be
(Font)              scaled to size 9.24713pt on input line 357.
<./figures/paraview_ss.png, id=330, 1395.2125pt x 832.10875pt>
File: ./figures/paraview_ss.png Graphic file (type png)
<use ./figures/paraview_ss.png>
Package pdftex.def Info: ./figures/paraview_ss.png  used on input line 368.
(pdftex.def)             Requested size: 369.88582pt x 220.59665pt.
LaTeX Font Info:    Font shape `C70/mc/m/n' will be
(Font)              scaled to size 9.24713pt on input line 374.
\openout4 = `main.pyg'.


(./_minted-main/3C8E23CA1013F2D703EC8EFAAFB47F37D2DADAD9E08412404738B3EC1B2E022
F.pygtex)
<./figures/sq_vs_q.png, id=334, 642.4pt x 553.06625pt>
File: ./figures/sq_vs_q.png Graphic file (type png)
<use ./figures/sq_vs_q.png>
Package pdftex.def Info: ./figures/sq_vs_q.png  used on input line 383.
(pdftex.def)             Requested size: 256.0748pt x 220.4715pt.
 [6 <./figures/gourmet_output_ss.png>]
\openout4 = `main.pyg'.


(./_minted-main/17848A23E1FE8AEE94430D0E18EEB79BD2DADAD9E08412404738B3EC1B2E022
F.pygtex [7 <./figures/paraview_ss.png> <./figures/sq_vs_q.png>])
LaTeX Font Info:    Font shape `C70/gt/m/n' will be
(Font)              scaled to size 13.31586pt on input line 408.
LaTeX Font Info:    Font shape `C70/mc/m/n' will be
(Font)              scaled to size 9.24713pt on input line 414.
LaTeX Font Info:    Font shape `C70/mc/m/n' will be
(Font)              scaled to size 9.24713pt on input line 414.
LaTeX Font Info:    Font shape `C70/mc/m/n' will be
(Font)              scaled to size 9.24713pt on input line 417.
<./figures/phi.pdf, id=359, 568.1225pt x 298.11375pt>
File: ./figures/phi.pdf Graphic file (type pdf)
<use ./figures/phi.pdf>
Package pdftex.def Info: ./figures/phi.pdf  used on input line 422.
(pdftex.def)             Requested size: 341.43306pt x 179.16985pt.
LaTeX Font Info:    Font shape `C70/mc/m/n' will be
(Font)              scaled to size 9.24713pt on input line 426.
LaTeX Font Info:    Font shape `C70/mc/m/n' will be
(Font)              scaled to size 9.24713pt on input line 432.
 [8] [9 <./figures/phi.pdf>]
LaTeX Font Info:    Font shape `C70/gt/m/n' will be
(Font)              scaled to size 11.09656pt on input line 511.
 [10]
LaTeX Font Info:    Font shape `C70/mc/m/n' will be
(Font)              scaled to size 9.24713pt on input line 529.
LaTeX Font Info:    Font shape `C70/gt/m/n' will be
(Font)              scaled to size 13.31586pt on input line 564.
LaTeX Font Info:    Font shape `C70/gt/m/n' will be
(Font)              scaled to size 13.31586pt on input line 564.
LaTeX Font Info:    Font shape `C70/gt/m/n' will be
(Font)              scaled to size 11.09656pt on input line 569.
LaTeX Font Info:    Font shape `C70/gt/m/n' will be
(Font)              scaled to size 11.09656pt on input line 569.
LaTeX Font Info:    Font shape `C70/gt/m/n' will be
(Font)              scaled to size 11.09656pt on input line 569.
LaTeX Font Info:    Font shape `C70/gt/m/n' will be
(Font)              scaled to size 11.09656pt on input line 569.
 [11] [12]
LaTeX Font Info:    Font shape `C70/mc/m/n' will be
(Font)              scaled to size 9.24713pt on input line 633.
LaTeX Font Info:    Font shape `C70/gt/m/n' will be
(Font)              scaled to size 11.09656pt on input line 648.
 [13]
LaTeX Font Info:    Font shape `C70/gt/m/n' will be
(Font)              scaled to size 11.09656pt on input line 678.
LaTeX Font Info:    Font shape `C70/gt/m/n' will be
(Font)              scaled to size 11.09656pt on input line 678.
<./figures/hamaker.pdf, id=514, 443.6575pt x 414.54875pt>
File: ./figures/hamaker.pdf Graphic file (type pdf)
<use ./figures/hamaker.pdf>
Package pdftex.def Info: ./figures/hamaker.pdf  used on input line 704.
(pdftex.def)             Requested size: 284.52756pt x 265.85428pt.
 [14]
LaTeX Font Info:    Font shape `C70/gt/m/n' will be
(Font)              scaled to size 11.09656pt on input line 720.
LaTeX Font Info:    Font shape `C70/gt/m/n' will be
(Font)              scaled to size 11.09656pt on input line 720.
<./figures/gourmet_input_ss.png, id=530, 404.26031pt x 533.74406pt>
File: ./figures/gourmet_input_ss.png Graphic file (type png)
<use ./figures/gourmet_input_ss.png>
Package pdftex.def Info: ./figures/gourmet_input_ss.png  used on input line 728
.
(pdftex.def)             Requested size: 284.52756pt x 375.6625pt.
\openout3 = `main-1.cpt'.

 (./main-1.cpt) (./main-1.cpt) [15 <./figures/hamaker.pdf>] [16 <./figures/gour
met_input_ss.png>] [17] [18]
LaTeX Font Info:    Font shape `C70/mc/m/n' will be
(Font)              scaled to size 9.24713pt on input line 923.
 [19]

! LaTeX Error: Command \ttfamily invalid in math mode.

See the LaTeX manual or LaTeX Companion for explanation.
Type  H <return>  for immediate help.
 ...                                              
                                                  
l.963 ... $L_{\mathrm x} = 2^{\UseVerb{verb_npx}
                                                  }$\\
? 

! LaTeX Error: Command \ttfamily invalid in math mode.

See the LaTeX manual or LaTeX Companion for explanation.
Type  H <return>  for immediate help.
 ...                                              
                                                  
l.964 ... $L_{\mathrm y} = 2^{\UseVerb{verb_npy}
                                                  }$\\
? 

! LaTeX Error: Command \ttfamily invalid in math mode.

See the LaTeX manual or LaTeX Companion for explanation.
Type  H <return>  for immediate help.
 ...                                              
                                                  
l.965 ... $L_{\mathrm z} = 2^{\UseVerb{verb_npz}
                                                  }$\\
? 

! LaTeX Error: Command \ttfamily invalid in math mode.

See the LaTeX manual or LaTeX Companion for explanation.
Type  H <return>  for immediate help.
 ...                                              
                                                  
l.967 ...thrm {dump}} \times \UseVerb{verb_factor}
                                                  $ \\
? 
[20]

! LaTeX Error: Command \ttfamily invalid in math mode.

See the LaTeX manual or LaTeX Companion for explanation.
Type  H <return>  for immediate help.
 ...                                              
                                                  
l.1014 ...$\UseVerb{verb_gts}
                                                  \times\UseVerb{verb_num_sn...

? 

! LaTeX Error: Command \ttfamily invalid in math mode.

See the LaTeX manual or LaTeX Companion for explanation.
Type  H <return>  for immediate help.
 ...                                              
                                                  
l.1014 ...b{verb_gts}\times\UseVerb{verb_num_snap}
                                                  $)\\
? 
[21]
Underfull \hbox (badness 1231) in paragraph at lines 1037--1046
\C70/mc/m/n/10/30 n \C70/mc/m/n/10/8a - \C70/mc/m/n/10/5b  \C70/mc/m/n/10/30 o
|\C70/mc/m/n/10/ff ^^L| \C70/mc/m/n/10/62  \C70/mc/m/n/10/5f 5\OT1/cmr/m/n/10 
KAPSEL\C70/mc/m/n/10/30      \C70/mc/m/n/10/51  \C70/mc/m/n/10/30 k \C70/
mc/m/n/10/8a ^^X \C70/mc/m/n/10/8f  \C70/mc/m/n/10/30 Y |\C70/mc/m/n/10/ff ^^
N|  [][]\OT1/cmtt/m/n/10 fdm_matrix_solver.cxx[]\C70/mc/m/n/10/30 n[][]\OT1/cmt
t/m/n/10 Init_lis[]\C70/mc/m/n/10/95  \C70/mc/m/n/10/65 p \C70/mc/m/n/10/30 k|
\C70/mc/m/n/10/ff ^^L|
 []


LaTeX Warning: Command \textregistered invalid in math mode on input line 1045.



LaTeX Warning: Command \textcircled invalid in math mode on input line 1045.


LaTeX Warning: Command \textcircled invalid in math mode on input line 1045.

[22] [23]
Package atveryend Info: Empty hook `BeforeClearDocument' on input line 1046.
Package atveryend Info: Empty hook `AfterLastShipout' on input line 1046.
 (./main.aux)
Package atveryend Info: Executing hook `AtVeryEndDocument' on input line 1046.
Package atveryend Info: Executing hook `AtEndAfterFileList' on input line 1046.

Package rerunfilecheck Info: File `main.out' has not changed.
(rerunfilecheck)             Checksum: C7CA36BEAFA0C54E504800C68C15ADCD;3650.
runsystem(rm main.pyg)...executed.

Package logreq Info: Writing requests to 'main.run.xml'.
\openout1 = `main.run.xml'.

 ) 
Here is how much of TeX's memory you used:
 38723 strings out of 492616
 695823 string characters out of 6128982
 1138591 words of memory out of 5000000
 41790 multiletter control sequences out of 15000+600000
 574237 words of font info for 184 fonts, out of 8000000 for 9000
 1146 hyphenation exceptions out of 8191
 40i,18n,63p,863b,1985s stack positions out of 5000i,500n,10000p,200000b,80000s
{/usr/local/texlive/2018/texmf-dist/fonts/enc/dvips/ipaex-type1/ipxt1-u93.enc
}{/usr/local/texlive/2018/texmf-dist/fonts/enc/dvips/ipaex-type1/ipxt1-u5d.enc}
{/usr/local/texlive/2018/texmf-dist/fonts/enc/dvips/ipaex-type1/ipxt1-u7e.enc}{
/usr/local/texlive/2018/texmf-dist/fonts/enc/dvips/ipaex-type1/ipxt1-u89.enc}{/
usr/local/texlive/2018/texmf-dist/fonts/enc/dvips/ipaex-type1/ipxt1-u6c.enc}{/u
sr/local/texlive/2018/texmf-dist/fonts/enc/dvips/ipaex-type1/ipxt1-u50.enc}{/us
r/local/texlive/2018/texmf-dist/fonts/enc/dvips/ipaex-type1/ipxt1-u8e.enc}{/usr
/local/texlive/2018/texmf-dist/fonts/enc/dvips/ipaex-type1/ipxt1-u53.enc}{/usr/
local/texlive/2018/texmf-dist/fonts/enc/dvips/ipaex-type1/ipxt1-u6f.enc}{/usr/l
ocal/texlive/2018/texmf-dist/fonts/enc/dvips/ipaex-type1/ipxt1-u6e.enc}{/usr/lo
cal/texlive/2018/texmf-dist/fonts/enc/dvips/ipaex-type1/ipxt1-u8b.enc}{/usr/loc
al/texlive/2018/texmf-dist/fonts/enc/dvips/ipaex-type1/ipxt1-u55.enc}{/usr/loca
l/texlive/2018/texmf-dist/fonts/enc/dvips/ipaex-type1/ipxt1-u82.enc}{/usr/local
/texlive/2018/texmf-dist/fonts/enc/dvips/ipaex-type1/ipxt1-u74.enc}{/usr/local/
texlive/2018/texmf-dist/fonts/enc/dvips/ipaex-type1/ipxt1-u68.enc}{/usr/local/t
exlive/2018/texmf-dist/fonts/enc/dvips/ipaex-type1/ipxt1-u7f.enc}{/usr/local/te
xlive/2018/texmf-dist/fonts/enc/dvips/ipaex-type1/ipxt1-u70.enc}{/usr/local/tex
live/2018/texmf-dist/fonts/enc/dvips/ipaex-type1/ipxt1-u97.enc}{/usr/local/texl
ive/2018/texmf-dist/fonts/enc/dvips/ipaex-type1/ipxt1-u61.enc}{/usr/local/texli
ve/2018/texmf-dist/fonts/enc/dvips/ipaex-type1/ipxt1-u75.enc}{/usr/local/texliv
e/2018/texmf-dist/fonts/enc/dvips/ipaex-type1/ipxt1-u4f.enc}{/usr/local/texlive
/2018/texmf-dist/fonts/enc/dvips/ipaex-type1/ipxt1-u6d.enc}{/usr/local/texlive/
2018/texmf-dist/fonts/enc/dvips/ipaex-type1/ipxt1-u52.enc}{/usr/local/texlive/2
018/texmf-dist/fonts/enc/dvips/ipaex-type1/ipxt1-u4e.enc}{/usr/local/texlive/20
18/texmf-dist/fonts/enc/dvips/ipaex-type1/ipxt1-u77.enc}{/usr/local/texlive/201
8/texmf-dist/fonts/enc/dvips/ipaex-type1/ipxt1-u8a.enc}{/usr/local/texlive/2018
/texmf-dist/fonts/enc/dvips/ipaex-type1/ipxt1-u78.enc}{/usr/local/texlive/2018/
texmf-dist/fonts/enc/dvips/ipaex-type1/ipxt1-u7d.enc}{/usr/local/texlive/2018/t
exmf-dist/fonts/enc/dvips/ipaex-type1/ipxt1-u5b.enc}{/usr/local/texlive/2018/te
xmf-dist/fonts/enc/dvips/ipaex-type1/ipxt1-u8f.enc}{/usr/local/texlive/2018/tex
mf-dist/fonts/enc/dvips/ipaex-type1/ipxt1-u72.enc}{/usr/local/texlive/2018/texm
f-dist/fonts/enc/dvips/ipaex-type1/ipxt1-u71.enc}{/usr/local/texlive/2018/texmf
-dist/fonts/enc/dvips/ipaex-type1/ipxt1-u98.enc}{/usr/local/texlive/2018/texmf-
dist/fonts/enc/dvips/ipaex-type1/ipxt1-u81.enc}{/usr/local/texlive/2018/texmf-d
ist/fonts/enc/dvips/ipaex-type1/ipxt1-u60.enc}{/usr/local/texlive/2018/texmf-di
st/fonts/enc/dvips/ipaex-type1/ipxt1-u6b.enc}{/usr/local/texlive/2018/texmf-dis
t/fonts/enc/dvips/ipaex-type1/ipxt1-u58.enc}{/usr/local/texlive/2018/texmf-dist
/fonts/enc/dvips/ipaex-type1/ipxt1-u66.enc}{/usr/local/texlive/2018/texmf-dist/
fonts/enc/dvips/ipaex-type1/ipxt1-u80.enc}{/usr/local/texlive/2018/texmf-dist/f
onts/enc/dvips/ipaex-type1/ipxt1-u79.enc}{/usr/local/texlive/2018/texmf-dist/fo
nts/enc/dvips/ipaex-type1/ipxt1-u57.enc}{/usr/local/texlive/2018/texmf-dist/fon
ts/enc/dvips/ipaex-type1/ipxt1-u51.enc}{/usr/local/texlive/2018/texmf-dist/font
s/enc/dvips/ipaex-type1/ipxt1-u8d.enc}{/usr/local/texlive/2018/texmf-dist/fonts
/enc/dvips/ipaex-type1/ipxt1-u5e.enc}{/usr/local/texlive/2018/texmf-dist/fonts/
enc/dvips/ipaex-type1/ipxt1-u9a.enc}{/usr/local/texlive/2018/texmf-dist/fonts/e
nc/dvips/ipaex-type1/ipxt1-u8c.enc}{/usr/local/texlive/2018/texmf-dist/fonts/en
c/dvips/ipaex-type1/ipxt1-u73.enc}{/usr/local/texlive/2018/texmf-dist/fonts/enc
/dvips/ipaex-type1/ipxt1-u83.enc}{/usr/local/texlive/2018/texmf-dist/fonts/enc/
dvips/ipaex-type1/ipxt1-u96.enc}{/usr/local/texlive/2018/texmf-dist/fonts/enc/d
vips/ipaex-type1/ipxt1-u7b.enc}{/usr/local/texlive/2018/texmf-dist/fonts/enc/dv
ips/ipaex-type1/ipxt1-u7c.enc}{/usr/local/texlive/2018/texmf-dist/fonts/enc/dvi
ps/ipaex-type1/ipxt1-u63.enc}{/usr/local/texlive/2018/texmf-dist/fonts/enc/dvip
s/ipaex-type1/ipxt1-u91.enc}{/usr/local/texlive/2018/texmf-dist/fonts/enc/dvips
/ipaex-type1/ipxt1-u67.enc}{/usr/local/texlive/2018/texmf-dist/fonts/enc/dvips/
ipaex-type1/ipxt1-u6a.enc}{/usr/local/texlive/2018/texmf-dist/fonts/enc/dvips/i
paex-type1/ipxt1-u59.enc}{/usr/local/texlive/2018/texmf-dist/fonts/enc/dvips/ip
aex-type1/ipxt1-u54.enc}{/usr/local/texlive/2018/texmf-dist/fonts/enc/dvips/ipa
ex-type1/ipxt1-u88.enc}{/usr/local/texlive/2018/texmf-dist/fonts/enc/dvips/ipae
x-type1/ipxt1-u69.enc}{/usr/local/texlive/2018/texmf-dist/fonts/enc/dvips/ipaex
-type1/ipxt1-u65.enc}{/usr/local/texlive/2018/texmf-dist/fonts/enc/dvips/ipaex-
type1/ipxt1-u76.enc}{/usr/local/texlive/2018/texmf-dist/fonts/enc/dvips/ipaex-t
ype1/ipxt1-u95.enc}{/usr/local/texlive/2018/texmf-dist/fonts/enc/dvips/ipaex-ty
pe1/ipxt1-u7a.enc}{/usr/local/texlive/2018/texmf-dist/fonts/enc/dvips/ipaex-typ
e1/ipxt1-u2f.enc}{/usr/local/texlive/2018/texmf-dist/fonts/enc/dvips/ipaex-type
1/ipxt1-u56.enc}{/usr/local/texlive/2018/texmf-dist/fonts/enc/dvips/ipaex-type1
/ipxt1-u90.enc}{/usr/local/texlive/2018/texmf-dist/fonts/enc/dvips/ipaex-type1/
ipxt1-u62.enc}{/usr/local/texlive/2018/texmf-dist/fonts/enc/dvips/ipaex-type1/i
pxt1-u30.enc}{/usr/local/texlive/2018/texmf-dist/fonts/enc/dvips/ipaex-type1/ip
xt1-u85.enc}{/usr/local/texlive/2018/texmf-dist/fonts/enc/dvips/ipaex-type1/ipx
t1-u9f.enc}{/usr/local/texlive/2018/texmf-dist/fonts/enc/dvips/ipaex-type1/ipxt
1-uff.enc}{/usr/local/texlive/2018/texmf-dist/fonts/enc/dvips/ipaex-type1/ipxt1
-u5f.enc}{/usr/local/texlive/2018/texmf-dist/fonts/enc/dvips/ipaex-type1/ipxt1-
u5c.enc}</usr/local/texlive/2018/texmf-dist/fonts/type1/public/amsfonts/cm/cmbs
y10.pfb></usr/local/texlive/2018/texmf-dist/fonts/type1/public/amsfonts/cm/cmbx
10.pfb></usr/local/texlive/2018/texmf-dist/fonts/type1/public/amsfonts/cm/cmbx1
2.pfb></usr/local/texlive/2018/texmf-dist/fonts/type1/public/amsfonts/cm/cmbx7.
pfb></usr/local/texlive/2018/texmf-dist/fonts/type1/public/amsfonts/cm/cmex10.p
fb></usr/local/texlive/2018/texmf-dist/fonts/type1/public/amsfonts/cm/cmmi10.pf
b></usr/local/texlive/2018/texmf-dist/fonts/type1/public/amsfonts/cm/cmmi5.pfb>
</usr/local/texlive/2018/texmf-dist/fonts/type1/public/amsfonts/cm/cmmi7.pfb></
usr/local/texlive/2018/texmf-dist/fonts/type1/public/amsfonts/cm/cmmib10.pfb></
usr/local/texlive/2018/texmf-dist/fonts/type1/public/amsfonts/cm/cmr10.pfb></us
r/local/texlive/2018/texmf-dist/fonts/type1/public/amsfonts/cm/cmr5.pfb></usr/l
ocal/texlive/2018/texmf-dist/fonts/type1/public/amsfonts/cm/cmr7.pfb></usr/loca
l/texlive/2018/texmf-dist/fonts/type1/public/amsfonts/cm/cmss12.pfb></usr/local
/texlive/2018/texmf-dist/fonts/type1/public/amsfonts/cm/cmsy10.pfb></usr/local/
texlive/2018/texmf-dist/fonts/type1/public/amsfonts/cm/cmsy5.pfb></usr/local/te
xlive/2018/texmf-dist/fonts/type1/public/amsfonts/cm/cmsy7.pfb></usr/local/texl
ive/2018/texmf-dist/fonts/type1/public/amsfonts/cm/cmtt10.pfb></usr/local/texli
ve/2018/texmf-dist/fonts/type1/public/ipaex-type1/ipxg-r-u30.pfb></usr/local/te
xlive/2018/texmf-dist/fonts/type1/public/ipaex-type1/ipxg-r-u4e.pfb></usr/local
/texlive/2018/texmf-dist/fonts/type1/public/ipaex-type1/ipxg-r-u4f.pfb></usr/lo
cal/texlive/2018/texmf-dist/fonts/type1/public/ipaex-type1/ipxg-r-u50.pfb></usr
/local/texlive/2018/texmf-dist/fonts/type1/public/ipaex-type1/ipxg-r-u51.pfb></
usr/local/texlive/2018/texmf-dist/fonts/type1/public/ipaex-type1/ipxg-r-u52.pfb
></usr/local/texlive/2018/texmf-dist/fonts/type1/public/ipaex-type1/ipxg-r-u53.
pfb></usr/local/texlive/2018/texmf-dist/fonts/type1/public/ipaex-type1/ipxg-r-u
57.pfb></usr/local/texlive/2018/texmf-dist/fonts/type1/public/ipaex-type1/ipxg-
r-u58.pfb></usr/local/texlive/2018/texmf-dist/fonts/type1/public/ipaex-type1/ip
xg-r-u5b.pfb></usr/local/texlive/2018/texmf-dist/fonts/type1/public/ipaex-type1
/ipxg-r-u5d.pfb></usr/local/texlive/2018/texmf-dist/fonts/type1/public/ipaex-ty
pe1/ipxg-r-u5f.pfb></usr/local/texlive/2018/texmf-dist/fonts/type1/public/ipaex
-type1/ipxg-r-u62.pfb></usr/local/texlive/2018/texmf-dist/fonts/type1/public/ip
aex-type1/ipxg-r-u65.pfb></usr/local/texlive/2018/texmf-dist/fonts/type1/public
/ipaex-type1/ipxg-r-u67.pfb></usr/local/texlive/2018/texmf-dist/fonts/type1/pub
lic/ipaex-type1/ipxg-r-u6a.pfb></usr/local/texlive/2018/texmf-dist/fonts/type1/
public/ipaex-type1/ipxg-r-u6c.pfb></usr/local/texlive/2018/texmf-dist/fonts/typ
e1/public/ipaex-type1/ipxg-r-u6d.pfb></usr/local/texlive/2018/texmf-dist/fonts/
type1/public/ipaex-type1/ipxg-r-u74.pfb></usr/local/texlive/2018/texmf-dist/fon
ts/type1/public/ipaex-type1/ipxg-r-u75.pfb></usr/local/texlive/2018/texmf-dist/
fonts/type1/public/ipaex-type1/ipxg-r-u76.pfb></usr/local/texlive/2018/texmf-di
st/fonts/type1/public/ipaex-type1/ipxg-r-u78.pfb></usr/local/texlive/2018/texmf
-dist/fonts/type1/public/ipaex-type1/ipxg-r-u7a.pfb></usr/local/texlive/2018/te
xmf-dist/fonts/type1/public/ipaex-type1/ipxg-r-u7b.pfb></usr/local/texlive/2018
/texmf-dist/fonts/type1/public/ipaex-type1/ipxg-r-u7c.pfb></usr/local/texlive/2
018/texmf-dist/fonts/type1/public/ipaex-type1/ipxg-r-u7d.pfb></usr/local/texliv
e/2018/texmf-dist/fonts/type1/public/ipaex-type1/ipxg-r-u80.pfb></usr/local/tex
live/2018/texmf-dist/fonts/type1/public/ipaex-type1/ipxg-r-u88.pfb></usr/local/
texlive/2018/texmf-dist/fonts/type1/public/ipaex-type1/ipxg-r-u89.pfb></usr/loc
al/texlive/2018/texmf-dist/fonts/type1/public/ipaex-type1/ipxg-r-u8a.pfb></usr/
local/texlive/2018/texmf-dist/fonts/type1/public/ipaex-type1/ipxg-r-u8b.pfb></u
sr/local/texlive/2018/texmf-dist/fonts/type1/public/ipaex-type1/ipxg-r-u8d.pfb>
</usr/local/texlive/2018/texmf-dist/fonts/type1/public/ipaex-type1/ipxg-r-u8f.p
fb></usr/local/texlive/2018/texmf-dist/fonts/type1/public/ipaex-type1/ipxg-r-u9
0.pfb></usr/local/texlive/2018/texmf-dist/fonts/type1/public/ipaex-type1/ipxg-r
-u95.pfb></usr/local/texlive/2018/texmf-dist/fonts/type1/public/ipaex-type1/ipx
g-r-u9a.pfb></usr/local/texlive/2018/texmf-dist/fonts/type1/public/ipaex-type1/
ipxm-r-u2f.pfb></usr/local/texlive/2018/texmf-dist/fonts/type1/public/ipaex-typ
e1/ipxm-r-u30.pfb></usr/local/texlive/2018/texmf-dist/fonts/type1/public/ipaex-
type1/ipxm-r-u4e.pfb></usr/local/texlive/2018/texmf-dist/fonts/type1/public/ipa
ex-type1/ipxm-r-u4f.pfb></usr/local/texlive/2018/texmf-dist/fonts/type1/public/
ipaex-type1/ipxm-r-u50.pfb></usr/local/texlive/2018/texmf-dist/fonts/type1/publ
ic/ipaex-type1/ipxm-r-u51.pfb></usr/local/texlive/2018/texmf-dist/fonts/type1/p
ublic/ipaex-type1/ipxm-r-u52.pfb></usr/local/texlive/2018/texmf-dist/fonts/type
1/public/ipaex-type1/ipxm-r-u53.pfb></usr/local/texlive/2018/texmf-dist/fonts/t
ype1/public/ipaex-type1/ipxm-r-u54.pfb></usr/local/texlive/2018/texmf-dist/font
s/type1/public/ipaex-type1/ipxm-r-u55.pfb></usr/local/texlive/2018/texmf-dist/f
onts/type1/public/ipaex-type1/ipxm-r-u56.pfb></usr/local/texlive/2018/texmf-dis
t/fonts/type1/public/ipaex-type1/ipxm-r-u57.pfb></usr/local/texlive/2018/texmf-
dist/fonts/type1/public/ipaex-type1/ipxm-r-u58.pfb></usr/local/texlive/2018/tex
mf-dist/fonts/type1/public/ipaex-type1/ipxm-r-u59.pfb></usr/local/texlive/2018/
texmf-dist/fonts/type1/public/ipaex-type1/ipxm-r-u5b.pfb></usr/local/texlive/20
18/texmf-dist/fonts/type1/public/ipaex-type1/ipxm-r-u5c.pfb></usr/local/texlive
/2018/texmf-dist/fonts/type1/public/ipaex-type1/ipxm-r-u5d.pfb></usr/local/texl
ive/2018/texmf-dist/fonts/type1/public/ipaex-type1/ipxm-r-u5e.pfb></usr/local/t
exlive/2018/texmf-dist/fonts/type1/public/ipaex-type1/ipxm-r-u5f.pfb></usr/loca
l/texlive/2018/texmf-dist/fonts/type1/public/ipaex-type1/ipxm-r-u60.pfb></usr/l
ocal/texlive/2018/texmf-dist/fonts/type1/public/ipaex-type1/ipxm-r-u61.pfb></us
r/local/texlive/2018/texmf-dist/fonts/type1/public/ipaex-type1/ipxm-r-u62.pfb><
/usr/local/texlive/2018/texmf-dist/fonts/type1/public/ipaex-type1/ipxm-r-u63.pf
b></usr/local/texlive/2018/texmf-dist/fonts/type1/public/ipaex-type1/ipxm-r-u65
.pfb></usr/local/texlive/2018/texmf-dist/fonts/type1/public/ipaex-type1/ipxm-r-
u66.pfb></usr/local/texlive/2018/texmf-dist/fonts/type1/public/ipaex-type1/ipxm
-r-u67.pfb></usr/local/texlive/2018/texmf-dist/fonts/type1/public/ipaex-type1/i
pxm-r-u68.pfb></usr/local/texlive/2018/texmf-dist/fonts/type1/public/ipaex-type
1/ipxm-r-u69.pfb></usr/local/texlive/2018/texmf-dist/fonts/type1/public/ipaex-t
ype1/ipxm-r-u6a.pfb></usr/local/texlive/2018/texmf-dist/fonts/type1/public/ipae
x-type1/ipxm-r-u6b.pfb></usr/local/texlive/2018/texmf-dist/fonts/type1/public/i
paex-type1/ipxm-r-u6c.pfb></usr/local/texlive/2018/texmf-dist/fonts/type1/publi
c/ipaex-type1/ipxm-r-u6d.pfb></usr/local/texlive/2018/texmf-dist/fonts/type1/pu
blic/ipaex-type1/ipxm-r-u6e.pfb></usr/local/texlive/2018/texmf-dist/fonts/type1
/public/ipaex-type1/ipxm-r-u6f.pfb></usr/local/texlive/2018/texmf-dist/fonts/ty
pe1/public/ipaex-type1/ipxm-r-u70.pfb></usr/local/texlive/2018/texmf-dist/fonts
/type1/public/ipaex-type1/ipxm-r-u71.pfb></usr/local/texlive/2018/texmf-dist/fo
nts/type1/public/ipaex-type1/ipxm-r-u72.pfb></usr/local/texlive/2018/texmf-dist
/fonts/type1/public/ipaex-type1/ipxm-r-u73.pfb></usr/local/texlive/2018/texmf-d
ist/fonts/type1/public/ipaex-type1/ipxm-r-u74.pfb></usr/local/texlive/2018/texm
f-dist/fonts/type1/public/ipaex-type1/ipxm-r-u75.pfb></usr/local/texlive/2018/t
exmf-dist/fonts/type1/public/ipaex-type1/ipxm-r-u76.pfb></usr/local/texlive/201
8/texmf-dist/fonts/type1/public/ipaex-type1/ipxm-r-u77.pfb></usr/local/texlive/
2018/texmf-dist/fonts/type1/public/ipaex-type1/ipxm-r-u78.pfb></usr/local/texli
ve/2018/texmf-dist/fonts/type1/public/ipaex-type1/ipxm-r-u79.pfb></usr/local/te
xlive/2018/texmf-dist/fonts/type1/public/ipaex-type1/ipxm-r-u7a.pfb></usr/local
/texlive/2018/texmf-dist/fonts/type1/public/ipaex-type1/ipxm-r-u7b.pfb></usr/lo
cal/texlive/2018/texmf-dist/fonts/type1/public/ipaex-type1/ipxm-r-u7c.pfb></usr
/local/texlive/2018/texmf-dist/fonts/type1/public/ipaex-type1/ipxm-r-u7d.pfb></
usr/local/texlive/2018/texmf-dist/fonts/type1/public/ipaex-type1/ipxm-r-u7e.pfb
></usr/local/texlive/2018/texmf-dist/fonts/type1/public/ipaex-type1/ipxm-r-u7f.
pfb></usr/local/texlive/2018/texmf-dist/fonts/type1/public/ipaex-type1/ipxm-r-u
80.pfb></usr/local/texlive/2018/texmf-dist/fonts/type1/public/ipaex-type1/ipxm-
r-u81.pfb></usr/local/texlive/2018/texmf-dist/fonts/type1/public/ipaex-type1/ip
xm-r-u82.pfb></usr/local/texlive/2018/texmf-dist/fonts/type1/public/ipaex-type1
/ipxm-r-u83.pfb></usr/local/texlive/2018/texmf-dist/fonts/type1/public/ipaex-ty
pe1/ipxm-r-u85.pfb></usr/local/texlive/2018/texmf-dist/fonts/type1/public/ipaex
-type1/ipxm-r-u88.pfb></usr/local/texlive/2018/texmf-dist/fonts/type1/public/ip
aex-type1/ipxm-r-u89.pfb></usr/local/texlive/2018/texmf-dist/fonts/type1/public
/ipaex-type1/ipxm-r-u8a.pfb></usr/local/texlive/2018/texmf-dist/fonts/type1/pub
lic/ipaex-type1/ipxm-r-u8b.pfb></usr/local/texlive/2018/texmf-dist/fonts/type1/
public/ipaex-type1/ipxm-r-u8c.pfb></usr/local/texlive/2018/texmf-dist/fonts/typ
e1/public/ipaex-type1/ipxm-r-u8d.pfb></usr/local/texlive/2018/texmf-dist/fonts/
type1/public/ipaex-type1/ipxm-r-u8e.pfb></usr/local/texlive/2018/texmf-dist/fon
ts/type1/public/ipaex-type1/ipxm-r-u8f.pfb></usr/local/texlive/2018/texmf-dist/
fonts/type1/public/ipaex-type1/ipxm-r-u90.pfb></usr/local/texlive/2018/texmf-di
st/fonts/type1/public/ipaex-type1/ipxm-r-u91.pfb></usr/local/texlive/2018/texmf
-dist/fonts/type1/public/ipaex-type1/ipxm-r-u93.pfb></usr/local/texlive/2018/te
xmf-dist/fonts/type1/public/ipaex-type1/ipxm-r-u95.pfb></usr/local/texlive/2018
/texmf-dist/fonts/type1/public/ipaex-type1/ipxm-r-u96.pfb></usr/local/texlive/2
018/texmf-dist/fonts/type1/public/ipaex-type1/ipxm-r-u97.pfb></usr/local/texliv
e/2018/texmf-dist/fonts/type1/public/ipaex-type1/ipxm-r-u98.pfb></usr/local/tex
live/2018/texmf-dist/fonts/type1/public/ipaex-type1/ipxm-r-u9a.pfb></usr/local/
texlive/2018/texmf-dist/fonts/type1/public/ipaex-type1/ipxm-r-u9f.pfb></usr/loc
al/texlive/2018/texmf-dist/fonts/type1/public/ipaex-type1/ipxm-r-uff.pfb>
Output written on main.pdf (25 pages, 1812669 bytes).
PDF statistics:
 1129 PDF objects out of 1200 (max. 8388607)
 856 compressed objects within 9 object streams
 131 named destinations out of 1000 (max. 500000)
 504 words of extra memory for PDF output out of 10000 (max. 10000000)

